2016-09-12 17:14:54  [ main:0 ] - [ DEBUG ]  /resources/config/serverCfg/spring-application.xml
2016-09-12 17:14:54  [ main:203 ] - [ DEBUG ]  Adding [systemProperties] PropertySource with lowest search precedence
2016-09-12 17:14:54  [ main:208 ] - [ DEBUG ]  Adding [systemEnvironment] PropertySource with lowest search precedence
2016-09-12 17:14:54  [ main:209 ] - [ DEBUG ]  Initialized StandardEnvironment with PropertySources [systemProperties,systemEnvironment]
2016-09-12 17:14:54  [ main:215 ] - [ INFO ]  Refreshing org.springframework.context.support.FileSystemXmlApplicationContext@39ed3c8d: startup date [Mon Sep 12 17:14:54 CST 2016]; root of context hierarchy
2016-09-12 17:14:54  [ main:282 ] - [ DEBUG ]  Adding [systemProperties] PropertySource with lowest search precedence
2016-09-12 17:14:54  [ main:284 ] - [ DEBUG ]  Adding [systemEnvironment] PropertySource with lowest search precedence
2016-09-12 17:14:54  [ main:284 ] - [ DEBUG ]  Initialized StandardEnvironment with PropertySources [systemProperties,systemEnvironment]
2016-09-12 17:14:54  [ main:302 ] - [ INFO ]  Loading XML bean definitions from file [/Users/wukai/Documents/GitWork/server/resources/config/serverCfg/spring-application.xml]
2016-09-12 17:14:54  [ main:326 ] - [ DEBUG ]  Using JAXP provider [com.sun.org.apache.xerces.internal.jaxp.DocumentBuilderFactoryImpl]
2016-09-12 17:14:54  [ main:440 ] - [ DEBUG ]  Trying to resolve XML entity with public id [null] and system id [http://www.springframework.org/schema/beans/spring-beans-4.3.xsd]
2016-09-12 17:14:54  [ main:441 ] - [ DEBUG ]  Loading schema mappings from [META-INF/spring.schemas]
2016-09-12 17:14:54  [ main:449 ] - [ DEBUG ]  Loaded schema mappings: {http://www.springframework.org/schema/tx/spring-tx-4.3.xsd=org/springframework/transaction/config/spring-tx-4.3.xsd, http://www.springframework.org/schema/tx/spring-tx-2.5.xsd=org/springframework/transaction/config/spring-tx-2.5.xsd, http://www.springframework.org/schema/cache/spring-cache-4.2.xsd=org/springframework/cache/config/spring-cache-4.2.xsd, http://www.springframework.org/schema/aop/spring-aop-4.1.xsd=org/springframework/aop/config/spring-aop-4.1.xsd, http://www.springframework.org/schema/context/spring-context-3.1.xsd=org/springframework/context/config/spring-context-3.1.xsd, http://www.springframework.org/schema/jdbc/spring-jdbc-4.1.xsd=org/springframework/jdbc/config/spring-jdbc-4.1.xsd, http://www.springframework.org/schema/util/spring-util-3.0.xsd=org/springframework/beans/factory/xml/spring-util-3.0.xsd, http://www.springframework.org/schema/tool/spring-tool.xsd=org/springframework/beans/factory/xml/spring-tool-4.3.xsd, http://www.springframework.org/schema/aop/spring-aop-3.2.xsd=org/springframework/aop/config/spring-aop-3.2.xsd, http://www.springframework.org/schema/lang/spring-lang-4.1.xsd=org/springframework/scripting/config/spring-lang-4.1.xsd, http://www.springframework.org/schema/context/spring-context-4.0.xsd=org/springframework/context/config/spring-context-4.0.xsd, http://www.springframework.org/schema/beans/spring-beans-4.2.xsd=org/springframework/beans/factory/xml/spring-beans-4.2.xsd, http://www.springframework.org/schema/tool/spring-tool-4.1.xsd=org/springframework/beans/factory/xml/spring-tool-4.1.xsd, http://www.springframework.org/schema/lang/spring-lang-3.2.xsd=org/springframework/scripting/config/spring-lang-3.2.xsd, http://www.springframework.org/schema/cache/spring-cache-3.2.xsd=org/springframework/cache/config/spring-cache-3.2.xsd, http://www.springframework.org/schema/jee/spring-jee-4.1.xsd=org/springframework/ejb/config/spring-jee-4.1.xsd, http://www.springframework.org/schema/jdbc/spring-jdbc-3.1.xsd=org/springframework/jdbc/config/spring-jdbc-3.1.xsd, http://www.springframework.org/schema/task/spring-task-4.2.xsd=org/springframework/scheduling/config/spring-task-4.2.xsd, http://www.springframework.org/schema/util/spring-util-2.0.xsd=org/springframework/beans/factory/xml/spring-util-2.0.xsd, http://www.springframework.org/schema/tool/spring-tool-3.2.xsd=org/springframework/beans/factory/xml/spring-tool-3.2.xsd, http://www.springframework.org/schema/context/spring-context.xsd=org/springframework/context/config/spring-context-4.3.xsd, http://www.springframework.org/schema/tx/spring-tx-4.2.xsd=org/springframework/transaction/config/spring-tx-4.2.xsd, http://www.springframework.org/schema/cache/spring-cache-4.1.xsd=org/springframework/cache/config/spring-cache-4.1.xsd, http://www.springframework.org/schema/aop/spring-aop-4.0.xsd=org/springframework/aop/config/spring-aop-4.0.xsd, http://www.springframework.org/schema/jee/spring-jee-3.2.xsd=org/springframework/ejb/config/spring-jee-3.2.xsd, http://www.springframework.org/schema/context/spring-context-3.0.xsd=org/springframework/context/config/spring-context-3.0.xsd, http://www.springframework.org/schema/jdbc/spring-jdbc-4.0.xsd=org/springframework/jdbc/config/spring-jdbc-4.0.xsd, http://www.springframework.org/schema/util/spring-util-2.5.xsd=org/springframework/beans/factory/xml/spring-util-2.5.xsd, http://www.springframework.org/schema/util/spring-util-4.3.xsd=org/springframework/beans/factory/xml/spring-util-4.3.xsd, http://www.springframework.org/schema/beans/spring-beans-3.2.xsd=org/springframework/beans/factory/xml/spring-beans-3.2.xsd, http://www.springframework.org/schema/aop/spring-aop-3.1.xsd=org/springframework/aop/config/spring-aop-3.1.xsd, http://www.springframework.org/schema/lang/spring-lang-4.0.xsd=org/springframework/scripting/config/spring-lang-4.0.xsd, http://www.springframework.org/schema/beans/spring-beans-4.1.xsd=org/springframework/beans/factory/xml/spring-beans-4.1.xsd, http://www.springframework.org/schema/tool/spring-tool-4.0.xsd=org/springframework/beans/factory/xml/spring-tool-4.0.xsd, http://www.springframework.org/schema/tx/spring-tx-3.2.xsd=org/springframework/transaction/config/spring-tx-3.2.xsd, http://www.springframework.org/schema/lang/spring-lang-3.1.xsd=org/springframework/scripting/config/spring-lang-3.1.xsd, http://www.springframework.org/schema/cache/spring-cache-3.1.xsd=org/springframework/cache/config/spring-cache-3.1.xsd, http://www.springframework.org/schema/jee/spring-jee-4.0.xsd=org/springframework/ejb/config/spring-jee-4.0.xsd, http://www.springframework.org/schema/jdbc/spring-jdbc-3.0.xsd=org/springframework/jdbc/config/spring-jdbc-3.0.xsd, http://www.springframework.org/schema/task/spring-task-4.1.xsd=org/springframework/scheduling/config/spring-task-4.1.xsd, http://www.springframework.org/schema/jdbc/spring-jdbc.xsd=org/springframework/jdbc/config/spring-jdbc-4.3.xsd, http://www.springframework.org/schema/tool/spring-tool-3.1.xsd=org/springframework/beans/factory/xml/spring-tool-3.1.xsd, http://www.springframework.org/schema/tx/spring-tx-4.1.xsd=org/springframework/transaction/config/spring-tx-4.1.xsd, http://www.springframework.org/schema/cache/spring-cache-4.0.xsd=org/springframework/cache/config/spring-cache-4.0.xsd, http://www.springframework.org/schema/jee/spring-jee-3.1.xsd=org/springframework/ejb/config/spring-jee-3.1.xsd, http://www.springframework.org/schema/task/spring-task-3.2.xsd=org/springframework/scheduling/config/spring-task-3.2.xsd, http://www.springframework.org/schema/util/spring-util-4.2.xsd=org/springframework/beans/factory/xml/spring-util-4.2.xsd, http://www.springframework.org/schema/beans/spring-beans-3.1.xsd=org/springframework/beans/factory/xml/spring-beans-3.1.xsd, http://www.springframework.org/schema/util/spring-util.xsd=org/springframework/beans/factory/xml/spring-util-4.3.xsd, http://www.springframework.org/schema/aop/spring-aop-3.0.xsd=org/springframework/aop/config/spring-aop-3.0.xsd, http://www.springframework.org/schema/beans/spring-beans-4.0.xsd=org/springframework/beans/factory/xml/spring-beans-4.0.xsd, http://www.springframework.org/schema/beans/spring-beans.xsd=org/springframework/beans/factory/xml/spring-beans-4.3.xsd, http://www.springframework.org/schema/tx/spring-tx-3.1.xsd=org/springframework/transaction/config/spring-tx-3.1.xsd, http://www.springframework.org/schema/lang/spring-lang-3.0.xsd=org/springframework/scripting/config/spring-lang-3.0.xsd, http://www.springframework.org/schema/context/spring-context-2.5.xsd=org/springframework/context/config/spring-context-2.5.xsd, http://www.springframework.org/schema/context/spring-context-4.3.xsd=org/springframework/context/config/spring-context-4.3.xsd, http://www.springframework.org/schema/task/spring-task-4.0.xsd=org/springframework/scheduling/config/spring-task-4.0.xsd, http://www.springframework.org/schema/tool/spring-tool-3.0.xsd=org/springframework/beans/factory/xml/spring-tool-3.0.xsd, http://www.springframework.org/schema/tx/spring-tx-4.0.xsd=org/springframework/transaction/config/spring-tx-4.0.xsd, http://www.springframework.org/schema/aop/spring-aop-2.0.xsd=org/springframework/aop/config/spring-aop-2.0.xsd, http://www.springframework.org/schema/jee/spring-jee-3.0.xsd=org/springframework/ejb/config/spring-jee-3.0.xsd, http://www.springframework.org/schema/util/spring-util-4.1.xsd=org/springframework/beans/factory/xml/spring-util-4.1.xsd, http://www.springframework.org/schema/task/spring-task-3.1.xsd=org/springframework/scheduling/config/spring-task-3.1.xsd, http://www.springframework.org/schema/beans/spring-beans-3.0.xsd=org/springframework/beans/factory/xml/spring-beans-3.0.xsd, http://www.springframework.org/schema/jee/spring-jee.xsd=org/springframework/ejb/config/spring-jee-4.3.xsd, http://www.springframework.org/schema/aop/spring-aop-2.5.xsd=org/springframework/aop/config/spring-aop-2.5.xsd, http://www.springframework.org/schema/aop/spring-aop-4.3.xsd=org/springframework/aop/config/spring-aop-4.3.xsd, http://www.springframework.org/schema/lang/spring-lang-2.0.xsd=org/springframework/scripting/config/spring-lang-2.0.xsd, http://www.springframework.org/schema/jdbc/spring-jdbc-4.3.xsd=org/springframework/jdbc/config/spring-jdbc-4.3.xsd, http://www.springframework.org/schema/util/spring-util-3.2.xsd=org/springframework/beans/factory/xml/spring-util-3.2.xsd, http://www.springframework.org/schema/task/spring-task.xsd=org/springframework/scheduling/config/spring-task-4.3.xsd, http://www.springframework.org/schema/tool/spring-tool-2.0.xsd=org/springframework/beans/factory/xml/spring-tool-2.0.xsd, http://www.springframework.org/schema/tx/spring-tx-3.0.xsd=org/springframework/transaction/config/spring-tx-3.0.xsd, http://www.springframework.org/schema/lang/spring-lang-2.5.xsd=org/springframework/scripting/config/spring-lang-2.5.xsd, http://www.springframework.org/schema/lang/spring-lang-4.3.xsd=org/springframework/scripting/config/spring-lang-4.3.xsd, http://www.springframework.org/schema/context/spring-context-4.2.xsd=org/springframework/context/config/spring-context-4.2.xsd, http://www.springframework.org/schema/jee/spring-jee-2.0.xsd=org/springframework/ejb/config/spring-jee-2.0.xsd, http://www.springframework.org/schema/tool/spring-tool-4.3.xsd=org/springframework/beans/factory/xml/spring-tool-4.3.xsd, http://www.springframework.org/schema/tool/spring-tool-2.5.xsd=org/springframework/beans/factory/xml/spring-tool-2.5.xsd, http://www.springframework.org/schema/jee/spring-jee-4.3.xsd=org/springframework/ejb/config/spring-jee-4.3.xsd, http://www.springframework.org/schema/jee/spring-jee-2.5.xsd=org/springframework/ejb/config/spring-jee-2.5.xsd, http://www.springframework.org/schema/util/spring-util-4.0.xsd=org/springframework/beans/factory/xml/spring-util-4.0.xsd, http://www.springframework.org/schema/task/spring-task-3.0.xsd=org/springframework/scheduling/config/spring-task-3.0.xsd, http://www.springframework.org/schema/cache/spring-cache-4.3.xsd=org/springframework/cache/config/spring-cache-4.3.xsd, http://www.springframework.org/schema/aop/spring-aop-4.2.xsd=org/springframework/aop/config/spring-aop-4.2.xsd, http://www.springframework.org/schema/lang/spring-lang.xsd=org/springframework/scripting/config/spring-lang-4.3.xsd, http://www.springframework.org/schema/context/spring-context-3.2.xsd=org/springframework/context/config/spring-context-3.2.xsd, http://www.springframework.org/schema/jdbc/spring-jdbc-4.2.xsd=org/springframework/jdbc/config/spring-jdbc-4.2.xsd, http://www.springframework.org/schema/util/spring-util-3.1.xsd=org/springframework/beans/factory/xml/spring-util-3.1.xsd, http://www.springframework.org/schema/beans/spring-beans-2.0.xsd=org/springframework/beans/factory/xml/spring-beans-2.0.xsd, http://www.springframework.org/schema/cache/spring-cache.xsd=org/springframework/cache/config/spring-cache-4.3.xsd, http://www.springframework.org/schema/tx/spring-tx.xsd=org/springframework/transaction/config/spring-tx-4.3.xsd, http://www.springframework.org/schema/lang/spring-lang-4.2.xsd=org/springframework/scripting/config/spring-lang-4.2.xsd, http://www.springframework.org/schema/context/spring-context-4.1.xsd=org/springframework/context/config/spring-context-4.1.xsd, http://www.springframework.org/schema/beans/spring-beans-2.5.xsd=org/springframework/beans/factory/xml/spring-beans-2.5.xsd, http://www.springframework.org/schema/beans/spring-beans-4.3.xsd=org/springframework/beans/factory/xml/spring-beans-4.3.xsd, http://www.springframework.org/schema/tool/spring-tool-4.2.xsd=org/springframework/beans/factory/xml/spring-tool-4.2.xsd, http://www.springframework.org/schema/tx/spring-tx-2.0.xsd=org/springframework/transaction/config/spring-tx-2.0.xsd, http://www.springframework.org/schema/jee/spring-jee-4.2.xsd=org/springframework/ejb/config/spring-jee-4.2.xsd, http://www.springframework.org/schema/jdbc/spring-jdbc-3.2.xsd=org/springframework/jdbc/config/spring-jdbc-3.2.xsd, http://www.springframework.org/schema/task/spring-task-4.3.xsd=org/springframework/scheduling/config/spring-task-4.3.xsd, http://www.springframework.org/schema/aop/spring-aop.xsd=org/springframework/aop/config/spring-aop-4.3.xsd}
2016-09-12 17:14:54  [ main:454 ] - [ DEBUG ]  Found XML schema [http://www.springframework.org/schema/beans/spring-beans-4.3.xsd] in classpath: org/springframework/beans/factory/xml/spring-beans-4.3.xsd
2016-09-12 17:14:54  [ main:523 ] - [ DEBUG ]  Trying to resolve XML entity with public id [null] and system id [http://www.springframework.org/schema/context/spring-context-4.3.xsd]
2016-09-12 17:14:54  [ main:524 ] - [ DEBUG ]  Found XML schema [http://www.springframework.org/schema/context/spring-context-4.3.xsd] in classpath: org/springframework/context/config/spring-context-4.3.xsd
2016-09-12 17:14:54  [ main:532 ] - [ DEBUG ]  Trying to resolve XML entity with public id [null] and system id [http://www.springframework.org/schema/tool/spring-tool-4.3.xsd]
2016-09-12 17:14:54  [ main:533 ] - [ DEBUG ]  Found XML schema [http://www.springframework.org/schema/tool/spring-tool-4.3.xsd] in classpath: org/springframework/beans/factory/xml/spring-tool-4.3.xsd
2016-09-12 17:14:54  [ main:554 ] - [ DEBUG ]  Loading bean definitions
2016-09-12 17:14:54  [ main:597 ] - [ DEBUG ]  Loaded NamespaceHandler mappings: {http://www.springframework.org/schema/p=org.springframework.beans.factory.xml.SimplePropertyNamespaceHandler, http://www.springframework.org/schema/util=org.springframework.beans.factory.xml.UtilNamespaceHandler, http://www.springframework.org/schema/jee=org.springframework.ejb.config.JeeNamespaceHandler, http://www.springframework.org/schema/aop=org.springframework.aop.config.AopNamespaceHandler, http://www.springframework.org/schema/jdbc=org.springframework.jdbc.config.JdbcNamespaceHandler, http://www.springframework.org/schema/cache=org.springframework.cache.config.CacheNamespaceHandler, http://www.springframework.org/schema/c=org.springframework.beans.factory.xml.SimpleConstructorNamespaceHandler, http://www.springframework.org/schema/tx=org.springframework.transaction.config.TxNamespaceHandler, http://www.springframework.org/schema/task=org.springframework.scheduling.config.TaskNamespaceHandler, http://www.springframework.org/schema/lang=org.springframework.scripting.config.LangNamespaceHandler, http://www.springframework.org/schema/context=org.springframework.context.config.ContextNamespaceHandler}
2016-09-12 17:14:54  [ main:641 ] - [ INFO ]  Loading XML bean definitions from file [/Users/wukai/Documents/GitWork/server/resources/config/serverCfg/spring-dataSource.xml]
2016-09-12 17:14:54  [ main:644 ] - [ DEBUG ]  Using JAXP provider [com.sun.org.apache.xerces.internal.jaxp.DocumentBuilderFactoryImpl]
2016-09-12 17:14:54  [ main:646 ] - [ DEBUG ]  Trying to resolve XML entity with public id [null] and system id [http://www.springframework.org/schema/beans/spring-beans-4.3.xsd]
2016-09-12 17:14:54  [ main:647 ] - [ DEBUG ]  Found XML schema [http://www.springframework.org/schema/beans/spring-beans-4.3.xsd] in classpath: org/springframework/beans/factory/xml/spring-beans-4.3.xsd
2016-09-12 17:14:54  [ main:674 ] - [ DEBUG ]  Loading bean definitions
2016-09-12 17:14:54  [ main:677 ] - [ DEBUG ]  Imported 4 bean definitions from relative location [spring-dataSource.xml]
2016-09-12 17:14:54  [ main:684 ] - [ DEBUG ]  Adding [systemProperties] PropertySource with lowest search precedence
2016-09-12 17:14:54  [ main:684 ] - [ DEBUG ]  Adding [systemEnvironment] PropertySource with lowest search precedence
2016-09-12 17:14:54  [ main:685 ] - [ DEBUG ]  Initialized StandardEnvironment with PropertySources [systemProperties,systemEnvironment]
2016-09-12 17:14:54  [ main:706 ] - [ DEBUG ]  Resolved classpath location [com/wk/loginserver/baseInfo/Dao/] to resources [URL [file:/Users/wukai/Documents/GitWork/server/bin/com/wk/loginserver/baseInfo/Dao/]]
2016-09-12 17:14:54  [ main:707 ] - [ DEBUG ]  Looking for matching resources in directory tree [/Users/wukai/Documents/GitWork/server/bin/com/wk/loginserver/baseInfo/Dao]
2016-09-12 17:14:54  [ main:707 ] - [ DEBUG ]  Searching directory [/Users/wukai/Documents/GitWork/server/bin/com/wk/loginserver/baseInfo/Dao] for files matching pattern [/Users/wukai/Documents/GitWork/server/bin/com/wk/loginserver/baseInfo/Dao/**/*.class]
2016-09-12 17:14:55  [ main:721 ] - [ DEBUG ]  Resolved location pattern [classpath*:com/wk/loginserver/baseInfo/Dao/**/*.class] to resources [file [/Users/wukai/Documents/GitWork/server/bin/com/wk/loginserver/baseInfo/Dao/DBBaseInforDAO.class], file [/Users/wukai/Documents/GitWork/server/bin/com/wk/loginserver/baseInfo/Dao/DBBaseInforDAOImpl$1.class], file [/Users/wukai/Documents/GitWork/server/bin/com/wk/loginserver/baseInfo/Dao/DBBaseInforDAOImpl$2.class], file [/Users/wukai/Documents/GitWork/server/bin/com/wk/loginserver/baseInfo/Dao/DBBaseInforDAOImpl$3.class], file [/Users/wukai/Documents/GitWork/server/bin/com/wk/loginserver/baseInfo/Dao/DBBaseInforDAOImpl$4.class], file [/Users/wukai/Documents/GitWork/server/bin/com/wk/loginserver/baseInfo/Dao/DBBaseInforDAOImpl$5.class], file [/Users/wukai/Documents/GitWork/server/bin/com/wk/loginserver/baseInfo/Dao/DBBaseInforDAOImpl$BwAreaRowMapper.class], file [/Users/wukai/Documents/GitWork/server/bin/com/wk/loginserver/baseInfo/Dao/DBBaseInforDAOImpl$BwBankGemRowMapper.class], file [/Users/wukai/Documents/GitWork/server/bin/com/wk/loginserver/baseInfo/Dao/DBBaseInforDAOImpl$BwBuildingPropertiesLevelRowMapper.class], file [/Users/wukai/Documents/GitWork/server/bin/com/wk/loginserver/baseInfo/Dao/DBBaseInforDAOImpl$BwBuildingRowMapper.class], file [/Users/wukai/Documents/GitWork/server/bin/com/wk/loginserver/baseInfo/Dao/DBBaseInforDAOImpl$BwCharactersPropertiesLevelRowMapper.class], file [/Users/wukai/Documents/GitWork/server/bin/com/wk/loginserver/baseInfo/Dao/DBBaseInforDAOImpl$BwCharactersRowMapper.class], file [/Users/wukai/Documents/GitWork/server/bin/com/wk/loginserver/baseInfo/Dao/DBBaseInforDAOImpl$BwFileServerRowMapper.class], file [/Users/wukai/Documents/GitWork/server/bin/com/wk/loginserver/baseInfo/Dao/DBBaseInforDAOImpl$BwHallBuildsRelationRowMapper.class], file [/Users/wukai/Documents/GitWork/server/bin/com/wk/loginserver/baseInfo/Dao/DBBaseInforDAOImpl$BwInitUserRowMapper.class], file [/Users/wukai/Documents/GitWork/server/bin/com/wk/loginserver/baseInfo/Dao/DBBaseInforDAOImpl$BwSpellPropertiesLevelRowMapper.class], file [/Users/wukai/Documents/GitWork/server/bin/com/wk/loginserver/baseInfo/Dao/DBBaseInforDAOImpl$BwSpellRowMapper.class], file [/Users/wukai/Documents/GitWork/server/bin/com/wk/loginserver/baseInfo/Dao/DBBaseInforDAOImpl$BwUserLevelReqRowMapper.class], file [/Users/wukai/Documents/GitWork/server/bin/com/wk/loginserver/baseInfo/Dao/DBBaseInforDAOImpl$BwWorkerRowMapper.class], file [/Users/wukai/Documents/GitWork/server/bin/com/wk/loginserver/baseInfo/Dao/DBBaseInforDAOImpl.class]]
2016-09-12 17:14:55  [ main:726 ] - [ DEBUG ]  Scanning file [/Users/wukai/Documents/GitWork/server/bin/com/wk/loginserver/baseInfo/Dao/DBBaseInforDAO.class]
2016-09-12 17:14:55  [ main:741 ] - [ DEBUG ]  Ignored because not matching any filter: file [/Users/wukai/Documents/GitWork/server/bin/com/wk/loginserver/baseInfo/Dao/DBBaseInforDAO.class]
2016-09-12 17:14:55  [ main:741 ] - [ DEBUG ]  Scanning file [/Users/wukai/Documents/GitWork/server/bin/com/wk/loginserver/baseInfo/Dao/DBBaseInforDAOImpl$1.class]
2016-09-12 17:14:55  [ main:746 ] - [ DEBUG ]  Ignored because not matching any filter: file [/Users/wukai/Documents/GitWork/server/bin/com/wk/loginserver/baseInfo/Dao/DBBaseInforDAOImpl$1.class]
2016-09-12 17:14:55  [ main:746 ] - [ DEBUG ]  Scanning file [/Users/wukai/Documents/GitWork/server/bin/com/wk/loginserver/baseInfo/Dao/DBBaseInforDAOImpl$2.class]
2016-09-12 17:14:55  [ main:747 ] - [ DEBUG ]  Ignored because not matching any filter: file [/Users/wukai/Documents/GitWork/server/bin/com/wk/loginserver/baseInfo/Dao/DBBaseInforDAOImpl$2.class]
2016-09-12 17:14:55  [ main:747 ] - [ DEBUG ]  Scanning file [/Users/wukai/Documents/GitWork/server/bin/com/wk/loginserver/baseInfo/Dao/DBBaseInforDAOImpl$3.class]
2016-09-12 17:14:55  [ main:749 ] - [ DEBUG ]  Ignored because not matching any filter: file [/Users/wukai/Documents/GitWork/server/bin/com/wk/loginserver/baseInfo/Dao/DBBaseInforDAOImpl$3.class]
2016-09-12 17:14:55  [ main:749 ] - [ DEBUG ]  Scanning file [/Users/wukai/Documents/GitWork/server/bin/com/wk/loginserver/baseInfo/Dao/DBBaseInforDAOImpl$4.class]
2016-09-12 17:14:55  [ main:750 ] - [ DEBUG ]  Ignored because not matching any filter: file [/Users/wukai/Documents/GitWork/server/bin/com/wk/loginserver/baseInfo/Dao/DBBaseInforDAOImpl$4.class]
2016-09-12 17:14:55  [ main:751 ] - [ DEBUG ]  Scanning file [/Users/wukai/Documents/GitWork/server/bin/com/wk/loginserver/baseInfo/Dao/DBBaseInforDAOImpl$5.class]
2016-09-12 17:14:55  [ main:752 ] - [ DEBUG ]  Ignored because not matching any filter: file [/Users/wukai/Documents/GitWork/server/bin/com/wk/loginserver/baseInfo/Dao/DBBaseInforDAOImpl$5.class]
2016-09-12 17:14:55  [ main:753 ] - [ DEBUG ]  Scanning file [/Users/wukai/Documents/GitWork/server/bin/com/wk/loginserver/baseInfo/Dao/DBBaseInforDAOImpl$BwAreaRowMapper.class]
2016-09-12 17:14:55  [ main:754 ] - [ DEBUG ]  Ignored because not matching any filter: file [/Users/wukai/Documents/GitWork/server/bin/com/wk/loginserver/baseInfo/Dao/DBBaseInforDAOImpl$BwAreaRowMapper.class]
2016-09-12 17:14:55  [ main:755 ] - [ DEBUG ]  Scanning file [/Users/wukai/Documents/GitWork/server/bin/com/wk/loginserver/baseInfo/Dao/DBBaseInforDAOImpl$BwBankGemRowMapper.class]
2016-09-12 17:14:55  [ main:755 ] - [ DEBUG ]  Ignored because not matching any filter: file [/Users/wukai/Documents/GitWork/server/bin/com/wk/loginserver/baseInfo/Dao/DBBaseInforDAOImpl$BwBankGemRowMapper.class]
2016-09-12 17:14:55  [ main:755 ] - [ DEBUG ]  Scanning file [/Users/wukai/Documents/GitWork/server/bin/com/wk/loginserver/baseInfo/Dao/DBBaseInforDAOImpl$BwBuildingPropertiesLevelRowMapper.class]
2016-09-12 17:14:55  [ main:756 ] - [ DEBUG ]  Ignored because not matching any filter: file [/Users/wukai/Documents/GitWork/server/bin/com/wk/loginserver/baseInfo/Dao/DBBaseInforDAOImpl$BwBuildingPropertiesLevelRowMapper.class]
2016-09-12 17:14:55  [ main:757 ] - [ DEBUG ]  Scanning file [/Users/wukai/Documents/GitWork/server/bin/com/wk/loginserver/baseInfo/Dao/DBBaseInforDAOImpl$BwBuildingRowMapper.class]
2016-09-12 17:14:55  [ main:758 ] - [ DEBUG ]  Ignored because not matching any filter: file [/Users/wukai/Documents/GitWork/server/bin/com/wk/loginserver/baseInfo/Dao/DBBaseInforDAOImpl$BwBuildingRowMapper.class]
2016-09-12 17:14:55  [ main:758 ] - [ DEBUG ]  Scanning file [/Users/wukai/Documents/GitWork/server/bin/com/wk/loginserver/baseInfo/Dao/DBBaseInforDAOImpl$BwCharactersPropertiesLevelRowMapper.class]
2016-09-12 17:14:55  [ main:759 ] - [ DEBUG ]  Ignored because not matching any filter: file [/Users/wukai/Documents/GitWork/server/bin/com/wk/loginserver/baseInfo/Dao/DBBaseInforDAOImpl$BwCharactersPropertiesLevelRowMapper.class]
2016-09-12 17:14:55  [ main:760 ] - [ DEBUG ]  Scanning file [/Users/wukai/Documents/GitWork/server/bin/com/wk/loginserver/baseInfo/Dao/DBBaseInforDAOImpl$BwCharactersRowMapper.class]
2016-09-12 17:14:55  [ main:765 ] - [ DEBUG ]  Ignored because not matching any filter: file [/Users/wukai/Documents/GitWork/server/bin/com/wk/loginserver/baseInfo/Dao/DBBaseInforDAOImpl$BwCharactersRowMapper.class]
2016-09-12 17:14:55  [ main:765 ] - [ DEBUG ]  Scanning file [/Users/wukai/Documents/GitWork/server/bin/com/wk/loginserver/baseInfo/Dao/DBBaseInforDAOImpl$BwFileServerRowMapper.class]
2016-09-12 17:14:55  [ main:769 ] - [ DEBUG ]  Ignored because not matching any filter: file [/Users/wukai/Documents/GitWork/server/bin/com/wk/loginserver/baseInfo/Dao/DBBaseInforDAOImpl$BwFileServerRowMapper.class]
2016-09-12 17:14:55  [ main:771 ] - [ DEBUG ]  Scanning file [/Users/wukai/Documents/GitWork/server/bin/com/wk/loginserver/baseInfo/Dao/DBBaseInforDAOImpl$BwHallBuildsRelationRowMapper.class]
2016-09-12 17:14:55  [ main:772 ] - [ DEBUG ]  Ignored because not matching any filter: file [/Users/wukai/Documents/GitWork/server/bin/com/wk/loginserver/baseInfo/Dao/DBBaseInforDAOImpl$BwHallBuildsRelationRowMapper.class]
2016-09-12 17:14:55  [ main:773 ] - [ DEBUG ]  Scanning file [/Users/wukai/Documents/GitWork/server/bin/com/wk/loginserver/baseInfo/Dao/DBBaseInforDAOImpl$BwInitUserRowMapper.class]
2016-09-12 17:14:55  [ main:774 ] - [ DEBUG ]  Ignored because not matching any filter: file [/Users/wukai/Documents/GitWork/server/bin/com/wk/loginserver/baseInfo/Dao/DBBaseInforDAOImpl$BwInitUserRowMapper.class]
2016-09-12 17:14:55  [ main:775 ] - [ DEBUG ]  Scanning file [/Users/wukai/Documents/GitWork/server/bin/com/wk/loginserver/baseInfo/Dao/DBBaseInforDAOImpl$BwSpellPropertiesLevelRowMapper.class]
2016-09-12 17:14:55  [ main:776 ] - [ DEBUG ]  Ignored because not matching any filter: file [/Users/wukai/Documents/GitWork/server/bin/com/wk/loginserver/baseInfo/Dao/DBBaseInforDAOImpl$BwSpellPropertiesLevelRowMapper.class]
2016-09-12 17:14:55  [ main:782 ] - [ DEBUG ]  Scanning file [/Users/wukai/Documents/GitWork/server/bin/com/wk/loginserver/baseInfo/Dao/DBBaseInforDAOImpl$BwSpellRowMapper.class]
2016-09-12 17:14:55  [ main:784 ] - [ DEBUG ]  Ignored because not matching any filter: file [/Users/wukai/Documents/GitWork/server/bin/com/wk/loginserver/baseInfo/Dao/DBBaseInforDAOImpl$BwSpellRowMapper.class]
2016-09-12 17:14:55  [ main:785 ] - [ DEBUG ]  Scanning file [/Users/wukai/Documents/GitWork/server/bin/com/wk/loginserver/baseInfo/Dao/DBBaseInforDAOImpl$BwUserLevelReqRowMapper.class]
2016-09-12 17:14:55  [ main:787 ] - [ DEBUG ]  Ignored because not matching any filter: file [/Users/wukai/Documents/GitWork/server/bin/com/wk/loginserver/baseInfo/Dao/DBBaseInforDAOImpl$BwUserLevelReqRowMapper.class]
2016-09-12 17:14:55  [ main:787 ] - [ DEBUG ]  Scanning file [/Users/wukai/Documents/GitWork/server/bin/com/wk/loginserver/baseInfo/Dao/DBBaseInforDAOImpl$BwWorkerRowMapper.class]
2016-09-12 17:14:55  [ main:788 ] - [ DEBUG ]  Ignored because not matching any filter: file [/Users/wukai/Documents/GitWork/server/bin/com/wk/loginserver/baseInfo/Dao/DBBaseInforDAOImpl$BwWorkerRowMapper.class]
2016-09-12 17:14:55  [ main:788 ] - [ DEBUG ]  Scanning file [/Users/wukai/Documents/GitWork/server/bin/com/wk/loginserver/baseInfo/Dao/DBBaseInforDAOImpl.class]
2016-09-12 17:14:55  [ main:806 ] - [ DEBUG ]  Identified candidate component class: file [/Users/wukai/Documents/GitWork/server/bin/com/wk/loginserver/baseInfo/Dao/DBBaseInforDAOImpl.class]
2016-09-12 17:14:55  [ main:811 ] - [ DEBUG ]  Adding [systemProperties] PropertySource with lowest search precedence
2016-09-12 17:14:55  [ main:812 ] - [ DEBUG ]  Adding [systemEnvironment] PropertySource with lowest search precedence
2016-09-12 17:14:55  [ main:812 ] - [ DEBUG ]  Initialized StandardEnvironment with PropertySources [systemProperties,systemEnvironment]
2016-09-12 17:14:55  [ main:814 ] - [ DEBUG ]  Resolved classpath location [com/wk/loginserver/service/] to resources [URL [file:/Users/wukai/Documents/GitWork/server/bin/com/wk/loginserver/service/]]
2016-09-12 17:14:55  [ main:815 ] - [ DEBUG ]  Looking for matching resources in directory tree [/Users/wukai/Documents/GitWork/server/bin/com/wk/loginserver/service]
2016-09-12 17:14:55  [ main:815 ] - [ DEBUG ]  Searching directory [/Users/wukai/Documents/GitWork/server/bin/com/wk/loginserver/service] for files matching pattern [/Users/wukai/Documents/GitWork/server/bin/com/wk/loginserver/service/**/*.class]
2016-09-12 17:14:55  [ main:816 ] - [ DEBUG ]  Searching directory [/Users/wukai/Documents/GitWork/server/bin/com/wk/loginserver/service/channel] for files matching pattern [/Users/wukai/Documents/GitWork/server/bin/com/wk/loginserver/service/**/*.class]
2016-09-12 17:14:55  [ main:817 ] - [ DEBUG ]  Resolved location pattern [classpath*:com/wk/loginserver/service/**/*.class] to resources [file [/Users/wukai/Documents/GitWork/server/bin/com/wk/loginserver/service/channel/ChannelManager.class], file [/Users/wukai/Documents/GitWork/server/bin/com/wk/loginserver/service/channel/ChannelManagerImpl.class]]
2016-09-12 17:14:55  [ main:820 ] - [ DEBUG ]  Scanning file [/Users/wukai/Documents/GitWork/server/bin/com/wk/loginserver/service/channel/ChannelManager.class]
2016-09-12 17:14:55  [ main:824 ] - [ DEBUG ]  Ignored because not matching any filter: file [/Users/wukai/Documents/GitWork/server/bin/com/wk/loginserver/service/channel/ChannelManager.class]
2016-09-12 17:14:55  [ main:824 ] - [ DEBUG ]  Scanning file [/Users/wukai/Documents/GitWork/server/bin/com/wk/loginserver/service/channel/ChannelManagerImpl.class]
2016-09-12 17:14:55  [ main:827 ] - [ DEBUG ]  Identified candidate component class: file [/Users/wukai/Documents/GitWork/server/bin/com/wk/loginserver/service/channel/ChannelManagerImpl.class]
2016-09-12 17:14:55  [ main:831 ] - [ DEBUG ]  Adding [systemProperties] PropertySource with lowest search precedence
2016-09-12 17:14:55  [ main:832 ] - [ DEBUG ]  Adding [systemEnvironment] PropertySource with lowest search precedence
2016-09-12 17:14:55  [ main:835 ] - [ DEBUG ]  Initialized StandardEnvironment with PropertySources [systemProperties,systemEnvironment]
2016-09-12 17:14:55  [ main:841 ] - [ DEBUG ]  Resolved classpath location [com/wk/loginserver/action/] to resources [URL [file:/Users/wukai/Documents/GitWork/server/bin/com/wk/loginserver/action/]]
2016-09-12 17:14:55  [ main:841 ] - [ DEBUG ]  Looking for matching resources in directory tree [/Users/wukai/Documents/GitWork/server/bin/com/wk/loginserver/action]
2016-09-12 17:14:55  [ main:842 ] - [ DEBUG ]  Searching directory [/Users/wukai/Documents/GitWork/server/bin/com/wk/loginserver/action] for files matching pattern [/Users/wukai/Documents/GitWork/server/bin/com/wk/loginserver/action/**/*.class]
2016-09-12 17:14:55  [ main:844 ] - [ DEBUG ]  Resolved location pattern [classpath*:com/wk/loginserver/action/**/*.class] to resources [file [/Users/wukai/Documents/GitWork/server/bin/com/wk/loginserver/action/AreaListAction.class]]
2016-09-12 17:14:55  [ main:848 ] - [ DEBUG ]  Scanning file [/Users/wukai/Documents/GitWork/server/bin/com/wk/loginserver/action/AreaListAction.class]
2016-09-12 17:14:55  [ main:854 ] - [ DEBUG ]  Identified candidate component class: file [/Users/wukai/Documents/GitWork/server/bin/com/wk/loginserver/action/AreaListAction.class]
2016-09-12 17:14:55  [ main:855 ] - [ DEBUG ]  Loaded 25 bean definitions from location pattern [/resources/config/serverCfg/spring-application.xml]
2016-09-12 17:14:55  [ main:856 ] - [ DEBUG ]  Bean factory for org.springframework.context.support.FileSystemXmlApplicationContext@39ed3c8d: org.springframework.beans.factory.support.DefaultListableBeanFactory@33c7e1bb: defining beans [propertyConfigurer,test,protocolCodecFactory,minaIoHandler,minaServer,actionFactory,actionDispatcher,filterChainFactory,commandFilter,capabilityMonitor,appConfig,service,org.springframework.context.annotation.internalConfigurationAnnotationProcessor,org.springframework.context.annotation.internalAutowiredAnnotationProcessor,org.springframework.context.annotation.internalRequiredAnnotationProcessor,org.springframework.context.annotation.internalCommonAnnotationProcessor,org.springframework.context.event.internalEventListenerProcessor,org.springframework.context.event.internalEventListenerFactory,dataSource,dataSourceManager,jdbcTemplate,jdbcTemplateManager,dbBaseInforDAO,channelManager,areaListAction]; root of factory hierarchy
2016-09-12 17:14:55  [ main:925 ] - [ DEBUG ]  Creating shared instance of singleton bean 'org.springframework.context.annotation.internalConfigurationAnnotationProcessor'
2016-09-12 17:14:55  [ main:925 ] - [ DEBUG ]  Creating instance of bean 'org.springframework.context.annotation.internalConfigurationAnnotationProcessor'
2016-09-12 17:14:55  [ main:953 ] - [ DEBUG ]  Eagerly caching bean 'org.springframework.context.annotation.internalConfigurationAnnotationProcessor' to allow for resolving potential circular references
2016-09-12 17:14:55  [ main:955 ] - [ DEBUG ]  Finished creating instance of bean 'org.springframework.context.annotation.internalConfigurationAnnotationProcessor'
2016-09-12 17:14:55  [ main:1023 ] - [ DEBUG ]  Creating shared instance of singleton bean 'propertyConfigurer'
2016-09-12 17:14:55  [ main:1024 ] - [ DEBUG ]  Creating instance of bean 'propertyConfigurer'
2016-09-12 17:14:55  [ main:1025 ] - [ DEBUG ]  Eagerly caching bean 'propertyConfigurer' to allow for resolving potential circular references
2016-09-12 17:14:55  [ main:1033 ] - [ DEBUG ]  Loaded [org.springframework.beans.BeanInfoFactory] names: [org.springframework.beans.ExtendedBeanInfoFactory]
2016-09-12 17:14:55  [ main:1034 ] - [ DEBUG ]  Getting BeanInfo for class [org.springframework.beans.factory.config.PropertyPlaceholderConfigurer]
2016-09-12 17:14:55  [ main:1043 ] - [ DEBUG ]  Caching PropertyDescriptors for class [org.springframework.beans.factory.config.PropertyPlaceholderConfigurer]
2016-09-12 17:14:55  [ main:1043 ] - [ DEBUG ]  Found bean property 'beanFactory' of type [org.springframework.beans.factory.BeanFactory]
2016-09-12 17:14:55  [ main:1047 ] - [ DEBUG ]  Found bean property 'beanName' of type [java.lang.String]
2016-09-12 17:14:55  [ main:1048 ] - [ DEBUG ]  Found bean property 'class' of type [java.lang.Class]
2016-09-12 17:14:55  [ main:1048 ] - [ DEBUG ]  Found bean property 'fileEncoding' of type [java.lang.String]
2016-09-12 17:14:55  [ main:1049 ] - [ DEBUG ]  Found bean property 'ignoreResourceNotFound' of type [boolean]
2016-09-12 17:14:55  [ main:1049 ] - [ DEBUG ]  Found bean property 'ignoreUnresolvablePlaceholders' of type [boolean]
2016-09-12 17:14:55  [ main:1049 ] - [ DEBUG ]  Found bean property 'localOverride' of type [boolean]
2016-09-12 17:14:55  [ main:1049 ] - [ DEBUG ]  Found bean property 'location' of type [org.springframework.core.io.Resource]
2016-09-12 17:14:55  [ main:1050 ] - [ DEBUG ]  Found bean property 'locations' of type [[Lorg.springframework.core.io.Resource;]
2016-09-12 17:14:55  [ main:1050 ] - [ DEBUG ]  Found bean property 'nullValue' of type [java.lang.String]
2016-09-12 17:14:55  [ main:1051 ] - [ DEBUG ]  Found bean property 'order' of type [int]
2016-09-12 17:14:55  [ main:1051 ] - [ DEBUG ]  Found bean property 'placeholderPrefix' of type [java.lang.String]
2016-09-12 17:14:55  [ main:1052 ] - [ DEBUG ]  Found bean property 'placeholderSuffix' of type [java.lang.String]
2016-09-12 17:14:55  [ main:1052 ] - [ DEBUG ]  Found bean property 'properties' of type [java.util.Properties]
2016-09-12 17:14:55  [ main:1052 ] - [ DEBUG ]  Found bean property 'propertiesArray' of type [[Ljava.util.Properties;]
2016-09-12 17:14:55  [ main:1053 ] - [ DEBUG ]  Found bean property 'propertiesPersister' of type [org.springframework.util.PropertiesPersister]
2016-09-12 17:14:55  [ main:1053 ] - [ DEBUG ]  Found bean property 'searchSystemEnvironment' of type [boolean]
2016-09-12 17:14:55  [ main:1053 ] - [ DEBUG ]  Found bean property 'systemPropertiesMode' of type [int]
2016-09-12 17:14:55  [ main:1054 ] - [ DEBUG ]  Found bean property 'systemPropertiesModeName' of type [java.lang.String]
2016-09-12 17:14:55  [ main:1054 ] - [ DEBUG ]  Found bean property 'trimValues' of type [boolean]
2016-09-12 17:14:55  [ main:1054 ] - [ DEBUG ]  Found bean property 'valueSeparator' of type [java.lang.String]
2016-09-12 17:14:55  [ main:1059 ] - [ DEBUG ]  Finished creating instance of bean 'propertyConfigurer'
2016-09-12 17:14:55  [ main:1060 ] - [ INFO ]  Loading properties file from file [/Users/wukai/Documents/GitWork/server/resources/config/properties/appConfig.properties]
2016-09-12 17:14:55  [ main:1060 ] - [ INFO ]  Loading properties file from file [/Users/wukai/Documents/GitWork/server/resources/config/properties/server.properties]
2016-09-12 17:14:55  [ main:1061 ] - [ INFO ]  Loading properties file from file [/Users/wukai/Documents/GitWork/server/resources/config/properties/jdbc.properties]
2016-09-12 17:14:55  [ main:1061 ] - [ INFO ]  Loading properties file from file [/Users/wukai/Documents/GitWork/server/resources/config/properties/test.properties]
2016-09-12 17:14:55  [ main:1063 ] - [ DEBUG ]  Resolved placeholder 'root'
2016-09-12 17:14:55  [ main:1063 ] - [ DEBUG ]  Resolved placeholder 'current.appid'
2016-09-12 17:14:55  [ main:1064 ] - [ DEBUG ]  Resolved placeholder 'address'
2016-09-12 17:14:55  [ main:1064 ] - [ DEBUG ]  Resolved placeholder 'port'
2016-09-12 17:14:55  [ main:1064 ] - [ DEBUG ]  Resolved placeholder 'connectionInterval'
2016-09-12 17:14:55  [ main:1064 ] - [ DEBUG ]  Resolved placeholder 'readerIdleMaxTime'
2016-09-12 17:14:55  [ main:1064 ] - [ DEBUG ]  Resolved placeholder 'writerIdleMaxTime'
2016-09-12 17:14:55  [ main:1064 ] - [ DEBUG ]  Resolved placeholder 'bothIdleMaxTime'
2016-09-12 17:14:55  [ main:1065 ] - [ DEBUG ]  Resolved placeholder 'jdbc.driver'
2016-09-12 17:14:55  [ main:1065 ] - [ DEBUG ]  Resolved placeholder 'jdbc.url'
2016-09-12 17:14:55  [ main:1065 ] - [ DEBUG ]  Resolved placeholder 'jdbc.username'
2016-09-12 17:14:55  [ main:1065 ] - [ DEBUG ]  Resolved placeholder 'jdbc.password'
2016-09-12 17:14:55  [ main:1065 ] - [ DEBUG ]  Resolved placeholder 'jdbc.minPoolSize'
2016-09-12 17:14:55  [ main:1066 ] - [ DEBUG ]  Resolved placeholder 'jdbc.minPoolSize'
2016-09-12 17:14:55  [ main:1066 ] - [ DEBUG ]  Resolved placeholder 'jdbc.maxPoolSize'
2016-09-12 17:14:55  [ main:1066 ] - [ DEBUG ]  Resolved placeholder 'jdbc.maxIdleTime'
2016-09-12 17:14:55  [ main:1066 ] - [ DEBUG ]  Resolved placeholder 'jdbc.acquireIncrement'
2016-09-12 17:14:55  [ main:1066 ] - [ DEBUG ]  Resolved placeholder 'jdbc.maxIdleTimeExcessConnections'
2016-09-12 17:14:55  [ main:1067 ] - [ DEBUG ]  Resolved placeholder 'jdbc.driver'
2016-09-12 17:14:55  [ main:1067 ] - [ DEBUG ]  Resolved placeholder 'jdbc.manager.url'
2016-09-12 17:14:55  [ main:1067 ] - [ DEBUG ]  Resolved placeholder 'jdbc.username'
2016-09-12 17:14:55  [ main:1067 ] - [ DEBUG ]  Resolved placeholder 'jdbc.password'
2016-09-12 17:14:55  [ main:1067 ] - [ DEBUG ]  Resolved placeholder 'jdbc.minPoolSize.WGManager'
2016-09-12 17:14:55  [ main:1068 ] - [ DEBUG ]  Resolved placeholder 'jdbc.minPoolSize.WGManager'
2016-09-12 17:14:55  [ main:1068 ] - [ DEBUG ]  Resolved placeholder 'jdbc.maxPoolSize.WGManager'
2016-09-12 17:14:55  [ main:1068 ] - [ DEBUG ]  Resolved placeholder 'jdbc.maxIdleTime'
2016-09-12 17:14:55  [ main:1068 ] - [ DEBUG ]  Resolved placeholder 'jdbc.acquireIncrement'
2016-09-12 17:14:55  [ main:1068 ] - [ DEBUG ]  Resolved placeholder 'jdbc.maxIdleTimeExcessConnections'
2016-09-12 17:14:55  [ main:1072 ] - [ DEBUG ]  Creating shared instance of singleton bean 'org.springframework.context.annotation.internalAutowiredAnnotationProcessor'
2016-09-12 17:14:55  [ main:1072 ] - [ DEBUG ]  Creating instance of bean 'org.springframework.context.annotation.internalAutowiredAnnotationProcessor'
2016-09-12 17:14:55  [ main:1073 ] - [ DEBUG ]  Eagerly caching bean 'org.springframework.context.annotation.internalAutowiredAnnotationProcessor' to allow for resolving potential circular references
2016-09-12 17:14:55  [ main:1074 ] - [ DEBUG ]  Finished creating instance of bean 'org.springframework.context.annotation.internalAutowiredAnnotationProcessor'
2016-09-12 17:14:55  [ main:1074 ] - [ DEBUG ]  Creating shared instance of singleton bean 'org.springframework.context.annotation.internalRequiredAnnotationProcessor'
2016-09-12 17:14:55  [ main:1074 ] - [ DEBUG ]  Creating instance of bean 'org.springframework.context.annotation.internalRequiredAnnotationProcessor'
2016-09-12 17:14:55  [ main:1075 ] - [ DEBUG ]  Eagerly caching bean 'org.springframework.context.annotation.internalRequiredAnnotationProcessor' to allow for resolving potential circular references
2016-09-12 17:14:55  [ main:1075 ] - [ DEBUG ]  Finished creating instance of bean 'org.springframework.context.annotation.internalRequiredAnnotationProcessor'
2016-09-12 17:14:55  [ main:1075 ] - [ DEBUG ]  Creating shared instance of singleton bean 'org.springframework.context.annotation.internalCommonAnnotationProcessor'
2016-09-12 17:14:55  [ main:1076 ] - [ DEBUG ]  Creating instance of bean 'org.springframework.context.annotation.internalCommonAnnotationProcessor'
2016-09-12 17:14:55  [ main:1082 ] - [ DEBUG ]  Eagerly caching bean 'org.springframework.context.annotation.internalCommonAnnotationProcessor' to allow for resolving potential circular references
2016-09-12 17:14:55  [ main:1082 ] - [ DEBUG ]  Finished creating instance of bean 'org.springframework.context.annotation.internalCommonAnnotationProcessor'
2016-09-12 17:14:55  [ main:1082 ] - [ DEBUG ]  Creating shared instance of singleton bean 'org.springframework.context.annotation.ConfigurationClassPostProcessor.importAwareProcessor'
2016-09-12 17:14:55  [ main:1082 ] - [ DEBUG ]  Creating instance of bean 'org.springframework.context.annotation.ConfigurationClassPostProcessor.importAwareProcessor'
2016-09-12 17:14:55  [ main:1083 ] - [ DEBUG ]  Eagerly caching bean 'org.springframework.context.annotation.ConfigurationClassPostProcessor.importAwareProcessor' to allow for resolving potential circular references
2016-09-12 17:14:55  [ main:1083 ] - [ DEBUG ]  Finished creating instance of bean 'org.springframework.context.annotation.ConfigurationClassPostProcessor.importAwareProcessor'
2016-09-12 17:14:55  [ main:1083 ] - [ DEBUG ]  Creating shared instance of singleton bean 'org.springframework.context.annotation.ConfigurationClassPostProcessor.enhancedConfigurationProcessor'
2016-09-12 17:14:55  [ main:1083 ] - [ DEBUG ]  Creating instance of bean 'org.springframework.context.annotation.ConfigurationClassPostProcessor.enhancedConfigurationProcessor'
2016-09-12 17:14:55  [ main:1084 ] - [ DEBUG ]  Eagerly caching bean 'org.springframework.context.annotation.ConfigurationClassPostProcessor.enhancedConfigurationProcessor' to allow for resolving potential circular references
2016-09-12 17:14:55  [ main:1084 ] - [ DEBUG ]  Finished creating instance of bean 'org.springframework.context.annotation.ConfigurationClassPostProcessor.enhancedConfigurationProcessor'
2016-09-12 17:14:55  [ main:1090 ] - [ DEBUG ]  Unable to locate MessageSource with name 'messageSource': using default [org.springframework.context.support.DelegatingMessageSource@1e67a849]
2016-09-12 17:14:55  [ main:1093 ] - [ DEBUG ]  Unable to locate ApplicationEventMulticaster with name 'applicationEventMulticaster': using default [org.springframework.context.event.SimpleApplicationEventMulticaster@275710fc]
2016-09-12 17:14:55  [ main:1095 ] - [ DEBUG ]  Pre-instantiating singletons in org.springframework.beans.factory.support.DefaultListableBeanFactory@33c7e1bb: defining beans [propertyConfigurer,test,protocolCodecFactory,minaIoHandler,minaServer,actionFactory,actionDispatcher,filterChainFactory,commandFilter,capabilityMonitor,appConfig,service,org.springframework.context.annotation.internalConfigurationAnnotationProcessor,org.springframework.context.annotation.internalAutowiredAnnotationProcessor,org.springframework.context.annotation.internalRequiredAnnotationProcessor,org.springframework.context.annotation.internalCommonAnnotationProcessor,org.springframework.context.event.internalEventListenerProcessor,org.springframework.context.event.internalEventListenerFactory,dataSource,dataSourceManager,jdbcTemplate,jdbcTemplateManager,dbBaseInforDAO,channelManager,areaListAction,org.springframework.context.annotation.ConfigurationClassPostProcessor.importAwareProcessor,org.springframework.context.annotation.ConfigurationClassPostProcessor.enhancedConfigurationProcessor]; root of factory hierarchy
2016-09-12 17:14:55  [ main:1095 ] - [ DEBUG ]  Returning cached instance of singleton bean 'propertyConfigurer'
2016-09-12 17:14:55  [ main:1095 ] - [ DEBUG ]  Creating shared instance of singleton bean 'test'
2016-09-12 17:14:55  [ main:1095 ] - [ DEBUG ]  Creating instance of bean 'test'
2016-09-12 17:14:55  [ main:1100 ] - [ DEBUG ]  Eagerly caching bean 'test' to allow for resolving potential circular references
2016-09-12 17:14:55  [ main:1100 ] - [ DEBUG ]  Getting BeanInfo for class [com.wk.loginserver.entity.Test]
2016-09-12 17:14:55  [ main:1102 ] - [ DEBUG ]  Caching PropertyDescriptors for class [com.wk.loginserver.entity.Test]
2016-09-12 17:14:55  [ main:1103 ] - [ DEBUG ]  Found bean property 'appId' of type [java.lang.String]
2016-09-12 17:14:55  [ main:1103 ] - [ DEBUG ]  Found bean property 'class' of type [java.lang.Class]
2016-09-12 17:14:55  [ main:1103 ] - [ DEBUG ]  Found bean property 'test' of type [java.lang.String]
2016-09-12 17:14:55  [ main:1106 ] - [ DEBUG ]  Finished creating instance of bean 'test'
2016-09-12 17:14:55  [ main:1106 ] - [ DEBUG ]  Creating shared instance of singleton bean 'protocolCodecFactory'
2016-09-12 17:14:55  [ main:1107 ] - [ DEBUG ]  Creating instance of bean 'protocolCodecFactory'
2016-09-12 17:14:55  [ main:1121 ] - [ DEBUG ]  Eagerly caching bean 'protocolCodecFactory' to allow for resolving potential circular references
2016-09-12 17:14:55  [ main:1121 ] - [ DEBUG ]  Getting BeanInfo for class [com.wk.net.DefaultDemuxingProtocolCodecFactory]
2016-09-12 17:14:55  [ main:1124 ] - [ DEBUG ]  Caching PropertyDescriptors for class [com.wk.net.DefaultDemuxingProtocolCodecFactory]
2016-09-12 17:14:55  [ main:1124 ] - [ DEBUG ]  Found bean property 'class' of type [java.lang.Class]
2016-09-12 17:14:55  [ main:1125 ] - [ DEBUG ]  Found bean property 'messageTypes' of type [java.util.Set]
2016-09-12 17:14:55  [ main:1125 ] - [ DEBUG ]  Finished creating instance of bean 'protocolCodecFactory'
2016-09-12 17:14:55  [ main:1126 ] - [ DEBUG ]  Creating shared instance of singleton bean 'minaIoHandler'
2016-09-12 17:14:55  [ main:1126 ] - [ DEBUG ]  Creating instance of bean 'minaIoHandler'
2016-09-12 17:14:55  [ main:1135 ] - [ DEBUG ]  Registered injected element on class [com.wk.loginserver.handler.DefaultMinaIoHandler]: AutowiredFieldElement for private com.wk.net.action.ActionDispatcher com.wk.loginserver.handler.DefaultMinaIoHandler.actionDispatcher
2016-09-12 17:14:55  [ main:1136 ] - [ DEBUG ]  Eagerly caching bean 'minaIoHandler' to allow for resolving potential circular references
2016-09-12 17:14:55  [ main:1136 ] - [ DEBUG ]  Getting BeanInfo for class [com.wk.loginserver.handler.DefaultMinaIoHandler]
2016-09-12 17:14:55  [ main:1138 ] - [ DEBUG ]  Caching PropertyDescriptors for class [com.wk.loginserver.handler.DefaultMinaIoHandler]
2016-09-12 17:14:55  [ main:1138 ] - [ DEBUG ]  Found bean property 'class' of type [java.lang.Class]
2016-09-12 17:14:55  [ main:1144 ] - [ DEBUG ]  Processing injected element of bean 'minaIoHandler': AutowiredFieldElement for private com.wk.net.action.ActionDispatcher com.wk.loginserver.handler.DefaultMinaIoHandler.actionDispatcher
2016-09-12 17:14:55  [ main:1154 ] - [ DEBUG ]  Creating shared instance of singleton bean 'actionDispatcher'
2016-09-12 17:14:55  [ main:1154 ] - [ DEBUG ]  Creating instance of bean 'actionDispatcher'
2016-09-12 17:14:55  [ main:1155 ] - [ DEBUG ]  Eagerly caching bean 'actionDispatcher' to allow for resolving potential circular references
2016-09-12 17:14:55  [ main:1156 ] - [ DEBUG ]  Getting BeanInfo for class [com.wk.net.action.support.DefaultActionDispatcher]
2016-09-12 17:14:55  [ main:1157 ] - [ DEBUG ]  Caching PropertyDescriptors for class [com.wk.net.action.support.DefaultActionDispatcher]
2016-09-12 17:14:55  [ main:1164 ] - [ DEBUG ]  Found bean property 'actionFactory' of type [com.wk.net.action.ActionFactory]
2016-09-12 17:14:55  [ main:1164 ] - [ DEBUG ]  Found bean property 'class' of type [java.lang.Class]
2016-09-12 17:14:55  [ main:1165 ] - [ DEBUG ]  Found bean property 'filterChainFactory' of type [com.wk.net.filter.FilterChainFactory]
2016-09-12 17:14:55  [ main:1165 ] - [ DEBUG ]  Creating shared instance of singleton bean 'filterChainFactory'
2016-09-12 17:14:55  [ main:1166 ] - [ DEBUG ]  Creating instance of bean 'filterChainFactory'
2016-09-12 17:14:55  [ main:1168 ] - [ DEBUG ]  Eagerly caching bean 'filterChainFactory' to allow for resolving potential circular references
2016-09-12 17:14:55  [ main:1168 ] - [ DEBUG ]  Getting BeanInfo for class [com.wk.net.filter.support.DefaultFilterChainFactory]
2016-09-12 17:14:55  [ main:1169 ] - [ DEBUG ]  Caching PropertyDescriptors for class [com.wk.net.filter.support.DefaultFilterChainFactory]
2016-09-12 17:14:55  [ main:1170 ] - [ DEBUG ]  Found bean property 'class' of type [java.lang.Class]
2016-09-12 17:14:55  [ main:1170 ] - [ DEBUG ]  Found bean property 'filterList' of type [java.util.List]
2016-09-12 17:14:55  [ main:1173 ] - [ DEBUG ]  Creating shared instance of singleton bean 'capabilityMonitor'
2016-09-12 17:14:55  [ main:1174 ] - [ DEBUG ]  Creating instance of bean 'capabilityMonitor'
2016-09-12 17:14:55  [ main:1178 ] - [ DEBUG ]  Eagerly caching bean 'capabilityMonitor' to allow for resolving potential circular references
2016-09-12 17:14:55  [ main:1178 ] - [ DEBUG ]  Getting BeanInfo for class [com.wk.net.filter.support.CapabilityMonitor]
2016-09-12 17:14:55  [ main:1180 ] - [ DEBUG ]  Caching PropertyDescriptors for class [com.wk.net.filter.support.CapabilityMonitor]
2016-09-12 17:14:55  [ main:1180 ] - [ DEBUG ]  Found bean property 'class' of type [java.lang.Class]
2016-09-12 17:14:55  [ main:1180 ] - [ DEBUG ]  Found bean property 'interval' of type [long]
2016-09-12 17:14:55  [ main:1181 ] - [ DEBUG ]  Found bean property 'monitor' of type [int]
2016-09-12 17:14:55  [ main:1181 ] - [ DEBUG ]  Found bean property 'monitorType' of type [int]
2016-09-12 17:14:55  [ main:1188 ] - [ DEBUG ]  Converting String to [long] using property editor [org.springframework.beans.propertyeditors.CustomNumberEditor@402e37bc]
2016-09-12 17:14:55  [ main:1190 ] - [ DEBUG ]  Invoking init method  'init' on bean with name 'capabilityMonitor'
2016-09-12 17:14:55  [ main:1191 ] - [ DEBUG ]  Finished creating instance of bean 'capabilityMonitor'
2016-09-12 17:14:55  [ main:1192 ] - [ DEBUG ]  Creating shared instance of singleton bean 'commandFilter'
2016-09-12 17:14:55  [ main:1192 ] - [ DEBUG ]  Creating instance of bean 'commandFilter'
2016-09-12 17:14:55  [ main:1193 ] - [ DEBUG ]  Eagerly caching bean 'commandFilter' to allow for resolving potential circular references
2016-09-12 17:14:55  [ main:1193 ] - [ DEBUG ]  Getting BeanInfo for class [com.wk.net.filter.support.CommandCollectFilter]
2016-09-12 17:14:55  [ main:1194 ] - [ DEBUG ]  Caching PropertyDescriptors for class [com.wk.net.filter.support.CommandCollectFilter]
2016-09-12 17:14:55  [ main:1195 ] - [ DEBUG ]  Found bean property 'class' of type [java.lang.Class]
2016-09-12 17:14:55  [ main:1195 ] - [ DEBUG ]  Found bean property 'destinationName' of type [java.lang.String]
2016-09-12 17:14:55  [ main:1197 ] - [ DEBUG ]  Invoking init method  'init' on bean with name 'commandFilter'
2016-09-12 17:14:55  [ main:1197 ] - [ DEBUG ]  Finished creating instance of bean 'commandFilter'
2016-09-12 17:14:55  [ main:1204 ] - [ DEBUG ]  Finished creating instance of bean 'filterChainFactory'
2016-09-12 17:14:55  [ main:1204 ] - [ DEBUG ]  Creating shared instance of singleton bean 'actionFactory'
2016-09-12 17:14:55  [ main:1204 ] - [ DEBUG ]  Creating instance of bean 'actionFactory'
2016-09-12 17:14:55  [ main:1213 ] - [ DEBUG ]  Eagerly caching bean 'actionFactory' to allow for resolving potential circular references
2016-09-12 17:14:55  [ main:1213 ] - [ DEBUG ]  Getting BeanInfo for class [com.wk.net.action.support.DefaultActionFactory]
2016-09-12 17:14:55  [ main:1215 ] - [ DEBUG ]  Caching PropertyDescriptors for class [com.wk.net.action.support.DefaultActionFactory]
2016-09-12 17:14:55  [ main:1216 ] - [ DEBUG ]  Found bean property 'class' of type [java.lang.Class]
2016-09-12 17:14:55  [ main:1218 ] - [ DEBUG ]  Finished creating instance of bean 'actionFactory'
2016-09-12 17:14:55  [ main:1220 ] - [ DEBUG ]  Finished creating instance of bean 'actionDispatcher'
2016-09-12 17:14:55  [ main:1221 ] - [ DEBUG ]  Autowiring by type from bean name 'minaIoHandler' to bean named 'actionDispatcher'
2016-09-12 17:14:55  [ main:1222 ] - [ DEBUG ]  Finished creating instance of bean 'minaIoHandler'
2016-09-12 17:14:55  [ main:1222 ] - [ DEBUG ]  Creating shared instance of singleton bean 'minaServer'
2016-09-12 17:14:55  [ main:1223 ] - [ DEBUG ]  Creating instance of bean 'minaServer'
2016-09-12 17:14:55  [ main:1226 ] - [ DEBUG ]  Registered injected element on class [com.wk.loginserver.MinaServer]: AutowiredFieldElement for private org.apache.mina.filter.codec.ProtocolCodecFactory com.wk.loginserver.MinaServer.protocolCodecFactory
2016-09-12 17:14:55  [ main:1227 ] - [ DEBUG ]  Registered injected element on class [com.wk.loginserver.MinaServer]: AutowiredFieldElement for private com.wk.config.AppConfig com.wk.loginserver.MinaServer.appConfig
2016-09-12 17:14:55  [ main:1227 ] - [ DEBUG ]  Registered injected element on class [com.wk.loginserver.MinaServer]: AutowiredFieldElement for private org.apache.mina.core.service.IoHandler com.wk.loginserver.MinaServer.handler
2016-09-12 17:14:55  [ main:1227 ] - [ DEBUG ]  Eagerly caching bean 'minaServer' to allow for resolving potential circular references
2016-09-12 17:14:55  [ main:1227 ] - [ DEBUG ]  Getting BeanInfo for class [com.wk.loginserver.MinaServer]
2016-09-12 17:14:55  [ main:1229 ] - [ DEBUG ]  Caching PropertyDescriptors for class [com.wk.loginserver.MinaServer]
2016-09-12 17:14:55  [ main:1229 ] - [ DEBUG ]  Found bean property 'acceptor' of type [org.apache.mina.core.service.IoAcceptor]
2016-09-12 17:14:55  [ main:1230 ] - [ DEBUG ]  Found bean property 'address' of type [java.lang.String]
2016-09-12 17:14:55  [ main:1230 ] - [ DEBUG ]  Found bean property 'appConfig' of type [com.wk.config.AppConfig]
2016-09-12 17:14:55  [ main:1230 ] - [ DEBUG ]  Found bean property 'bothIdleMaxTime' of type [int]
2016-09-12 17:14:55  [ main:1230 ] - [ DEBUG ]  Found bean property 'class' of type [java.lang.Class]
2016-09-12 17:14:55  [ main:1231 ] - [ DEBUG ]  Found bean property 'connectionInterval' of type [int]
2016-09-12 17:14:55  [ main:1231 ] - [ DEBUG ]  Found bean property 'corePoolSize' of type [int]
2016-09-12 17:14:55  [ main:1231 ] - [ DEBUG ]  Found bean property 'keepAliveTime' of type [int]
2016-09-12 17:14:55  [ main:1231 ] - [ DEBUG ]  Found bean property 'maximumPoolSize' of type [int]
2016-09-12 17:14:55  [ main:1232 ] - [ DEBUG ]  Found bean property 'port' of type [int]
2016-09-12 17:14:55  [ main:1232 ] - [ DEBUG ]  Found bean property 'queueSize' of type [int]
2016-09-12 17:14:55  [ main:1232 ] - [ DEBUG ]  Found bean property 'readerIdleMaxTime' of type [int]
2016-09-12 17:14:55  [ main:1232 ] - [ DEBUG ]  Found bean property 'writerIdleMaxTime' of type [int]
2016-09-12 17:14:55  [ main:1233 ] - [ DEBUG ]  Processing injected element of bean 'minaServer': AutowiredFieldElement for private org.apache.mina.filter.codec.ProtocolCodecFactory com.wk.loginserver.MinaServer.protocolCodecFactory
2016-09-12 17:14:55  [ main:1233 ] - [ DEBUG ]  Returning cached instance of singleton bean 'protocolCodecFactory'
2016-09-12 17:14:55  [ main:1234 ] - [ DEBUG ]  Autowiring by type from bean name 'minaServer' to bean named 'protocolCodecFactory'
2016-09-12 17:14:55  [ main:1234 ] - [ DEBUG ]  Processing injected element of bean 'minaServer': AutowiredFieldElement for private com.wk.config.AppConfig com.wk.loginserver.MinaServer.appConfig
2016-09-12 17:14:55  [ main:1235 ] - [ DEBUG ]  Creating shared instance of singleton bean 'appConfig'
2016-09-12 17:14:55  [ main:1236 ] - [ DEBUG ]  Creating instance of bean 'appConfig'
2016-09-12 17:14:55  [ main:1237 ] - [ DEBUG ]  Eagerly caching bean 'appConfig' to allow for resolving potential circular references
2016-09-12 17:14:55  [ main:1237 ] - [ DEBUG ]  Getting BeanInfo for class [com.wk.config.AppConfig]
2016-09-12 17:14:55  [ main:1239 ] - [ DEBUG ]  Caching PropertyDescriptors for class [com.wk.config.AppConfig]
2016-09-12 17:14:55  [ main:1239 ] - [ DEBUG ]  Found bean property 'appId' of type [int]
2016-09-12 17:14:55  [ main:1239 ] - [ DEBUG ]  Found bean property 'bankServerAddress' of type [java.lang.String]
2016-09-12 17:14:55  [ main:1239 ] - [ DEBUG ]  Found bean property 'class' of type [java.lang.Class]
2016-09-12 17:14:55  [ main:1240 ] - [ DEBUG ]  Found bean property 'createRoleAble' of type [byte]
2016-09-12 17:14:55  [ main:1240 ] - [ DEBUG ]  Found bean property 'fileName' of type [java.lang.String]
2016-09-12 17:14:55  [ main:1240 ] - [ DEBUG ]  Found bean property 'maxOnlineRole' of type [int]
2016-09-12 17:14:55  [ main:1240 ] - [ DEBUG ]  Found bean property 'maxRoleLevel' of type [int]
2016-09-12 17:14:55  [ main:1240 ] - [ DEBUG ]  Found bean property 'updateAddress' of type [java.lang.String]
2016-09-12 17:14:55  [ main:1240 ] - [ DEBUG ]  Found bean property 'version' of type [java.lang.String]
2016-09-12 17:14:55  [ main:1241 ] - [ DEBUG ]  Invoking init method  'init' on bean with name 'appConfig'
2016-09-12 17:14:55  [ main:1242 ] - [ DEBUG ]  Finished creating instance of bean 'appConfig'
2016-09-12 17:14:55  [ main:1242 ] - [ DEBUG ]  Autowiring by type from bean name 'minaServer' to bean named 'appConfig'
2016-09-12 17:14:55  [ main:1242 ] - [ DEBUG ]  Processing injected element of bean 'minaServer': AutowiredFieldElement for private org.apache.mina.core.service.IoHandler com.wk.loginserver.MinaServer.handler
2016-09-12 17:14:55  [ main:1243 ] - [ DEBUG ]  Returning cached instance of singleton bean 'minaIoHandler'
2016-09-12 17:14:55  [ main:1243 ] - [ DEBUG ]  Autowiring by type from bean name 'minaServer' to bean named 'minaIoHandler'
2016-09-12 17:14:55  [ main:1243 ] - [ DEBUG ]  Converting String to [int] using property editor [org.springframework.beans.propertyeditors.CustomNumberEditor@223f3642]
2016-09-12 17:14:55  [ main:1244 ] - [ DEBUG ]  Converting String to [int] using property editor [org.springframework.beans.propertyeditors.CustomNumberEditor@223f3642]
2016-09-12 17:14:55  [ main:1244 ] - [ DEBUG ]  Converting String to [int] using property editor [org.springframework.beans.propertyeditors.CustomNumberEditor@223f3642]
2016-09-12 17:14:55  [ main:1244 ] - [ DEBUG ]  Converting String to [int] using property editor [org.springframework.beans.propertyeditors.CustomNumberEditor@223f3642]
2016-09-12 17:14:55  [ main:1244 ] - [ DEBUG ]  Converting String to [int] using property editor [org.springframework.beans.propertyeditors.CustomNumberEditor@223f3642]
2016-09-12 17:14:55  [ main:1244 ] - [ DEBUG ]  Finished creating instance of bean 'minaServer'
2016-09-12 17:14:55  [ main:1244 ] - [ DEBUG ]  Returning cached instance of singleton bean 'actionFactory'
2016-09-12 17:14:55  [ main:1245 ] - [ DEBUG ]  Returning cached instance of singleton bean 'actionDispatcher'
2016-09-12 17:14:55  [ main:1245 ] - [ DEBUG ]  Returning cached instance of singleton bean 'filterChainFactory'
2016-09-12 17:14:55  [ main:1245 ] - [ DEBUG ]  Returning cached instance of singleton bean 'commandFilter'
2016-09-12 17:14:55  [ main:1245 ] - [ DEBUG ]  Returning cached instance of singleton bean 'capabilityMonitor'
2016-09-12 17:14:55  [ main:1245 ] - [ DEBUG ]  Returning cached instance of singleton bean 'appConfig'
2016-09-12 17:14:55  [ main:1245 ] - [ DEBUG ]  Creating shared instance of singleton bean 'service'
2016-09-12 17:14:55  [ main:1245 ] - [ DEBUG ]  Creating instance of bean 'service'
2016-09-12 17:14:55  [ main:1246 ] - [ DEBUG ]  Registered injected element on class [com.wk.loginserver.entity.Service]: AutowiredFieldElement for private com.wk.loginserver.entity.Test com.wk.loginserver.entity.Service.test
2016-09-12 17:14:55  [ main:1246 ] - [ DEBUG ]  Eagerly caching bean 'service' to allow for resolving potential circular references
2016-09-12 17:14:55  [ main:1246 ] - [ DEBUG ]  Getting BeanInfo for class [com.wk.loginserver.entity.Service]
2016-09-12 17:14:55  [ main:1247 ] - [ DEBUG ]  Caching PropertyDescriptors for class [com.wk.loginserver.entity.Service]
2016-09-12 17:14:55  [ main:1247 ] - [ DEBUG ]  Found bean property 'class' of type [java.lang.Class]
2016-09-12 17:14:55  [ main:1248 ] - [ DEBUG ]  Processing injected element of bean 'service': AutowiredFieldElement for private com.wk.loginserver.entity.Test com.wk.loginserver.entity.Service.test
2016-09-12 17:14:55  [ main:1248 ] - [ DEBUG ]  Returning cached instance of singleton bean 'test'
2016-09-12 17:14:55  [ main:1249 ] - [ DEBUG ]  Autowiring by type from bean name 'service' to bean named 'test'
2016-09-12 17:14:55  [ main:1249 ] - [ DEBUG ]  Finished creating instance of bean 'service'
2016-09-12 17:14:55  [ main:1249 ] - [ DEBUG ]  Returning cached instance of singleton bean 'org.springframework.context.annotation.internalConfigurationAnnotationProcessor'
2016-09-12 17:14:55  [ main:1249 ] - [ DEBUG ]  Returning cached instance of singleton bean 'org.springframework.context.annotation.internalAutowiredAnnotationProcessor'
2016-09-12 17:14:55  [ main:1249 ] - [ DEBUG ]  Returning cached instance of singleton bean 'org.springframework.context.annotation.internalRequiredAnnotationProcessor'
2016-09-12 17:14:55  [ main:1250 ] - [ DEBUG ]  Returning cached instance of singleton bean 'org.springframework.context.annotation.internalCommonAnnotationProcessor'
2016-09-12 17:14:55  [ main:1250 ] - [ DEBUG ]  Creating shared instance of singleton bean 'org.springframework.context.event.internalEventListenerProcessor'
2016-09-12 17:14:55  [ main:1250 ] - [ DEBUG ]  Creating instance of bean 'org.springframework.context.event.internalEventListenerProcessor'
2016-09-12 17:14:55  [ main:1251 ] - [ DEBUG ]  Eagerly caching bean 'org.springframework.context.event.internalEventListenerProcessor' to allow for resolving potential circular references
2016-09-12 17:14:55  [ main:1251 ] - [ DEBUG ]  Getting BeanInfo for class [org.springframework.context.event.EventListenerMethodProcessor]
2016-09-12 17:14:55  [ main:1252 ] - [ DEBUG ]  Caching PropertyDescriptors for class [org.springframework.context.event.EventListenerMethodProcessor]
2016-09-12 17:14:55  [ main:1252 ] - [ DEBUG ]  Found bean property 'applicationContext' of type [org.springframework.context.ApplicationContext]
2016-09-12 17:14:55  [ main:1252 ] - [ DEBUG ]  Found bean property 'class' of type [java.lang.Class]
2016-09-12 17:14:55  [ main:1253 ] - [ DEBUG ]  Finished creating instance of bean 'org.springframework.context.event.internalEventListenerProcessor'
2016-09-12 17:14:55  [ main:1253 ] - [ DEBUG ]  Creating shared instance of singleton bean 'org.springframework.context.event.internalEventListenerFactory'
2016-09-12 17:14:55  [ main:1253 ] - [ DEBUG ]  Creating instance of bean 'org.springframework.context.event.internalEventListenerFactory'
2016-09-12 17:14:55  [ main:1254 ] - [ DEBUG ]  Eagerly caching bean 'org.springframework.context.event.internalEventListenerFactory' to allow for resolving potential circular references
2016-09-12 17:14:55  [ main:1254 ] - [ DEBUG ]  Getting BeanInfo for class [org.springframework.context.event.DefaultEventListenerFactory]
2016-09-12 17:14:55  [ main:1255 ] - [ DEBUG ]  Caching PropertyDescriptors for class [org.springframework.context.event.DefaultEventListenerFactory]
2016-09-12 17:14:55  [ main:1255 ] - [ DEBUG ]  Found bean property 'class' of type [java.lang.Class]
2016-09-12 17:14:55  [ main:1255 ] - [ DEBUG ]  Found bean property 'order' of type [int]
2016-09-12 17:14:55  [ main:1257 ] - [ DEBUG ]  Finished creating instance of bean 'org.springframework.context.event.internalEventListenerFactory'
2016-09-12 17:14:55  [ main:1257 ] - [ DEBUG ]  Creating shared instance of singleton bean 'dataSource'
2016-09-12 17:14:55  [ main:1257 ] - [ DEBUG ]  Creating instance of bean 'dataSource'
2016-09-12 17:14:55  [ main:1282 ] - [ INFO ]  MLog clients using log4j logging.
2016-09-12 17:14:55  [ main:1424 ] - [ INFO ]  Initializing c3p0-0.9.1.2 [built 21-May-2007 15:04:56; debug? true; trace: 10]
2016-09-12 17:14:55  [ main:1443 ] - [ DEBUG ]  MBean: com.mchange.v2.c3p0:type=PooledDataSource[1hge1619j88g06l1jap1z8|3aefe5e5] registered.
2016-09-12 17:14:55  [ main:1456 ] - [ DEBUG ]  Eagerly caching bean 'dataSource' to allow for resolving potential circular references
2016-09-12 17:14:55  [ main:1456 ] - [ DEBUG ]  Getting BeanInfo for class [com.mchange.v2.c3p0.ComboPooledDataSource]
2016-09-12 17:14:55  [ main:1463 ] - [ DEBUG ]  Caching PropertyDescriptors for class [com.mchange.v2.c3p0.ComboPooledDataSource]
2016-09-12 17:14:55  [ main:1464 ] - [ DEBUG ]  Found bean property 'acquireIncrement' of type [int]
2016-09-12 17:14:55  [ main:1464 ] - [ DEBUG ]  Found bean property 'acquireRetryAttempts' of type [int]
2016-09-12 17:14:55  [ main:1464 ] - [ DEBUG ]  Found bean property 'acquireRetryDelay' of type [int]
2016-09-12 17:14:55  [ main:1464 ] - [ DEBUG ]  Found bean property 'allUsers' of type [java.util.Collection]
2016-09-12 17:14:55  [ main:1464 ] - [ DEBUG ]  Found bean property 'autoCommitOnClose' of type [boolean]
2016-09-12 17:14:55  [ main:1464 ] - [ DEBUG ]  Found bean property 'automaticTestTable' of type [java.lang.String]
2016-09-12 17:14:55  [ main:1465 ] - [ DEBUG ]  Found bean property 'breakAfterAcquireFailure' of type [boolean]
2016-09-12 17:14:55  [ main:1465 ] - [ DEBUG ]  Found bean property 'checkoutTimeout' of type [int]
2016-09-12 17:14:55  [ main:1465 ] - [ DEBUG ]  Found bean property 'class' of type [java.lang.Class]
2016-09-12 17:14:55  [ main:1465 ] - [ DEBUG ]  Found bean property 'connection' of type [java.sql.Connection]
2016-09-12 17:14:55  [ main:1465 ] - [ DEBUG ]  Found bean property 'connectionCustomizerClassName' of type [java.lang.String]
2016-09-12 17:14:55  [ main:1466 ] - [ DEBUG ]  Found bean property 'connectionPoolDataSource' of type [javax.sql.ConnectionPoolDataSource]
2016-09-12 17:14:55  [ main:1466 ] - [ DEBUG ]  Found bean property 'connectionTesterClassName' of type [java.lang.String]
2016-09-12 17:14:55  [ main:1466 ] - [ DEBUG ]  Found bean property 'dataSourceName' of type [java.lang.String]
2016-09-12 17:14:55  [ main:1466 ] - [ DEBUG ]  Found bean property 'debugUnreturnedConnectionStackTraces' of type [boolean]
2016-09-12 17:14:55  [ main:1466 ] - [ DEBUG ]  Found bean property 'description' of type [java.lang.String]
2016-09-12 17:14:55  [ main:1466 ] - [ DEBUG ]  Found bean property 'driverClass' of type [java.lang.String]
2016-09-12 17:14:55  [ main:1466 ] - [ DEBUG ]  Found bean property 'effectivePropertyCycleDefaultUser' of type [float]
2016-09-12 17:14:55  [ main:1467 ] - [ DEBUG ]  Found bean property 'factoryClassLocation' of type [java.lang.String]
2016-09-12 17:14:55  [ main:1467 ] - [ DEBUG ]  Found bean property 'forceIgnoreUnresolvedTransactions' of type [boolean]
2016-09-12 17:14:55  [ main:1467 ] - [ DEBUG ]  Found bean property 'identityToken' of type [java.lang.String]
2016-09-12 17:14:55  [ main:1467 ] - [ DEBUG ]  Found bean property 'idleConnectionTestPeriod' of type [int]
2016-09-12 17:14:55  [ main:1468 ] - [ DEBUG ]  Found bean property 'initialPoolSize' of type [int]
2016-09-12 17:14:55  [ main:1468 ] - [ DEBUG ]  Found bean property 'jdbcUrl' of type [java.lang.String]
2016-09-12 17:14:55  [ main:1468 ] - [ DEBUG ]  Found bean property 'lastAcquisitionFailureDefaultUser' of type [java.lang.Throwable]
2016-09-12 17:14:55  [ main:1468 ] - [ DEBUG ]  Found bean property 'lastCheckinFailureDefaultUser' of type [java.lang.Throwable]
2016-09-12 17:14:55  [ main:1469 ] - [ DEBUG ]  Found bean property 'lastCheckoutFailureDefaultUser' of type [java.lang.Throwable]
2016-09-12 17:14:55  [ main:1469 ] - [ DEBUG ]  Found bean property 'lastConnectionTestFailureDefaultUser' of type [java.lang.Throwable]
2016-09-12 17:14:55  [ main:1469 ] - [ DEBUG ]  Found bean property 'lastIdleTestFailureDefaultUser' of type [java.lang.Throwable]
2016-09-12 17:14:55  [ main:1470 ] - [ DEBUG ]  Found bean property 'logWriter' of type [java.io.PrintWriter]
2016-09-12 17:14:55  [ main:1470 ] - [ DEBUG ]  Found bean property 'loginTimeout' of type [int]
2016-09-12 17:14:55  [ main:1470 ] - [ DEBUG ]  Found bean property 'maxAdministrativeTaskTime' of type [int]
2016-09-12 17:14:55  [ main:1470 ] - [ DEBUG ]  Found bean property 'maxConnectionAge' of type [int]
2016-09-12 17:14:55  [ main:1471 ] - [ DEBUG ]  Found bean property 'maxIdleTime' of type [int]
2016-09-12 17:14:55  [ main:1471 ] - [ DEBUG ]  Found bean property 'maxIdleTimeExcessConnections' of type [int]
2016-09-12 17:14:55  [ main:1472 ] - [ DEBUG ]  Found bean property 'maxPoolSize' of type [int]
2016-09-12 17:14:55  [ main:1472 ] - [ DEBUG ]  Found bean property 'maxStatements' of type [int]
2016-09-12 17:14:55  [ main:1472 ] - [ DEBUG ]  Found bean property 'maxStatementsPerConnection' of type [int]
2016-09-12 17:14:55  [ main:1472 ] - [ DEBUG ]  Found bean property 'minPoolSize' of type [int]
2016-09-12 17:14:55  [ main:1473 ] - [ DEBUG ]  Found bean property 'numBusyConnections' of type [int]
2016-09-12 17:14:55  [ main:1473 ] - [ DEBUG ]  Found bean property 'numBusyConnectionsAllUsers' of type [int]
2016-09-12 17:14:55  [ main:1473 ] - [ DEBUG ]  Found bean property 'numBusyConnectionsDefaultUser' of type [int]
2016-09-12 17:14:55  [ main:1473 ] - [ DEBUG ]  Found bean property 'numConnections' of type [int]
2016-09-12 17:14:55  [ main:1474 ] - [ DEBUG ]  Found bean property 'numConnectionsAllUsers' of type [int]
2016-09-12 17:14:55  [ main:1474 ] - [ DEBUG ]  Found bean property 'numConnectionsDefaultUser' of type [int]
2016-09-12 17:14:55  [ main:1474 ] - [ DEBUG ]  Found bean property 'numFailedCheckinsDefaultUser' of type [long]
2016-09-12 17:14:55  [ main:1474 ] - [ DEBUG ]  Found bean property 'numFailedCheckoutsDefaultUser' of type [long]
2016-09-12 17:14:55  [ main:1475 ] - [ DEBUG ]  Found bean property 'numFailedIdleTestsDefaultUser' of type [long]
2016-09-12 17:14:55  [ main:1475 ] - [ DEBUG ]  Found bean property 'numHelperThreads' of type [int]
2016-09-12 17:14:55  [ main:1475 ] - [ DEBUG ]  Found bean property 'numIdleConnections' of type [int]
2016-09-12 17:14:55  [ main:1475 ] - [ DEBUG ]  Found bean property 'numIdleConnectionsAllUsers' of type [int]
2016-09-12 17:14:55  [ main:1475 ] - [ DEBUG ]  Found bean property 'numIdleConnectionsDefaultUser' of type [int]
2016-09-12 17:14:55  [ main:1475 ] - [ DEBUG ]  Found bean property 'numThreadsAwaitingCheckoutDefaultUser' of type [int]
2016-09-12 17:14:55  [ main:1476 ] - [ DEBUG ]  Found bean property 'numUnclosedOrphanedConnections' of type [int]
2016-09-12 17:14:55  [ main:1476 ] - [ DEBUG ]  Found bean property 'numUnclosedOrphanedConnectionsAllUsers' of type [int]
2016-09-12 17:14:55  [ main:1476 ] - [ DEBUG ]  Found bean property 'numUnclosedOrphanedConnectionsDefaultUser' of type [int]
2016-09-12 17:14:55  [ main:1476 ] - [ DEBUG ]  Found bean property 'numUserPools' of type [int]
2016-09-12 17:14:55  [ main:1476 ] - [ DEBUG ]  Found bean property 'overrideDefaultPassword' of type [java.lang.String]
2016-09-12 17:14:55  [ main:1477 ] - [ DEBUG ]  Found bean property 'overrideDefaultUser' of type [java.lang.String]
2016-09-12 17:14:55  [ main:1477 ] - [ DEBUG ]  Found bean property 'password' of type [java.lang.String]
2016-09-12 17:14:55  [ main:1477 ] - [ DEBUG ]  Found bean property 'preferredTestQuery' of type [java.lang.String]
2016-09-12 17:14:55  [ main:1477 ] - [ DEBUG ]  Found bean property 'properties' of type [java.util.Properties]
2016-09-12 17:14:55  [ main:1477 ] - [ DEBUG ]  Found bean property 'propertyCycle' of type [int]
2016-09-12 17:14:55  [ main:1477 ] - [ DEBUG ]  Found bean property 'reference' of type [javax.naming.Reference]
2016-09-12 17:14:55  [ main:1478 ] - [ DEBUG ]  Found bean property 'startTimeMillisDefaultUser' of type [long]
2016-09-12 17:14:55  [ main:1478 ] - [ DEBUG ]  Found bean property 'statementCacheNumCheckedOutDefaultUser' of type [int]
2016-09-12 17:14:55  [ main:1478 ] - [ DEBUG ]  Found bean property 'statementCacheNumCheckedOutStatementsAllUsers' of type [int]
2016-09-12 17:14:55  [ main:1478 ] - [ DEBUG ]  Found bean property 'statementCacheNumConnectionsWithCachedStatementsAllUsers' of type [int]
2016-09-12 17:14:55  [ main:1478 ] - [ DEBUG ]  Found bean property 'statementCacheNumConnectionsWithCachedStatementsDefaultUser' of type [int]
2016-09-12 17:14:55  [ main:1479 ] - [ DEBUG ]  Found bean property 'statementCacheNumStatementsAllUsers' of type [int]
2016-09-12 17:14:55  [ main:1479 ] - [ DEBUG ]  Found bean property 'statementCacheNumStatementsDefaultUser' of type [int]
2016-09-12 17:14:55  [ main:1479 ] - [ DEBUG ]  Found bean property 'testConnectionOnCheckin' of type [boolean]
2016-09-12 17:14:55  [ main:1479 ] - [ DEBUG ]  Found bean property 'testConnectionOnCheckout' of type [boolean]
2016-09-12 17:14:55  [ main:1479 ] - [ DEBUG ]  Found bean property 'threadPoolNumActiveThreads' of type [int]
2016-09-12 17:14:55  [ main:1480 ] - [ DEBUG ]  Found bean property 'threadPoolNumIdleThreads' of type [int]
2016-09-12 17:14:55  [ main:1480 ] - [ DEBUG ]  Found bean property 'threadPoolNumTasksPending' of type [int]
2016-09-12 17:14:55  [ main:1480 ] - [ DEBUG ]  Found bean property 'threadPoolSize' of type [int]
2016-09-12 17:14:55  [ main:1480 ] - [ DEBUG ]  Found bean property 'unreturnedConnectionTimeout' of type [int]
2016-09-12 17:14:55  [ main:1480 ] - [ DEBUG ]  Found bean property 'upTimeMillisDefaultUser' of type [long]
2016-09-12 17:14:55  [ main:1480 ] - [ DEBUG ]  Found bean property 'user' of type [java.lang.String]
2016-09-12 17:14:55  [ main:1481 ] - [ DEBUG ]  Found bean property 'userOverridesAsString' of type [java.lang.String]
2016-09-12 17:14:55  [ main:1481 ] - [ DEBUG ]  Found bean property 'usesTraditionalReflectiveProxies' of type [boolean]
2016-09-12 17:14:55  [ main:1488 ] - [ DEBUG ]  Converting String to [int] using property editor [org.springframework.beans.propertyeditors.CustomNumberEditor@74e52303]
2016-09-12 17:14:55  [ main:1489 ] - [ DEBUG ]  Converting String to [int] using property editor [org.springframework.beans.propertyeditors.CustomNumberEditor@74e52303]
2016-09-12 17:14:55  [ main:1489 ] - [ DEBUG ]  Converting String to [int] using property editor [org.springframework.beans.propertyeditors.CustomNumberEditor@74e52303]
2016-09-12 17:14:55  [ main:1490 ] - [ DEBUG ]  Converting String to [int] using property editor [org.springframework.beans.propertyeditors.CustomNumberEditor@74e52303]
2016-09-12 17:14:55  [ main:1490 ] - [ DEBUG ]  Converting String to [int] using property editor [org.springframework.beans.propertyeditors.CustomNumberEditor@74e52303]
2016-09-12 17:14:55  [ main:1490 ] - [ DEBUG ]  Converting String to [int] using property editor [org.springframework.beans.propertyeditors.CustomNumberEditor@74e52303]
2016-09-12 17:14:55  [ main:1491 ] - [ DEBUG ]  Finished creating instance of bean 'dataSource'
2016-09-12 17:14:55  [ main:1491 ] - [ DEBUG ]  Creating shared instance of singleton bean 'dataSourceManager'
2016-09-12 17:14:55  [ main:1491 ] - [ DEBUG ]  Creating instance of bean 'dataSourceManager'
2016-09-12 17:14:55  [ main:1496 ] - [ DEBUG ]  MBean: com.mchange.v2.c3p0:type=PooledDataSource[1hge1619j88g06l1jap1z8|47af7f3d] registered.
2016-09-12 17:14:55  [ main:1498 ] - [ DEBUG ]  Eagerly caching bean 'dataSourceManager' to allow for resolving potential circular references
2016-09-12 17:14:55  [ main:1499 ] - [ DEBUG ]  Converting String to [int] using property editor [org.springframework.beans.propertyeditors.CustomNumberEditor@661972b0]
2016-09-12 17:14:55  [ main:1499 ] - [ DEBUG ]  Converting String to [int] using property editor [org.springframework.beans.propertyeditors.CustomNumberEditor@661972b0]
2016-09-12 17:14:55  [ main:1500 ] - [ DEBUG ]  Converting String to [int] using property editor [org.springframework.beans.propertyeditors.CustomNumberEditor@661972b0]
2016-09-12 17:14:55  [ main:1500 ] - [ DEBUG ]  Converting String to [int] using property editor [org.springframework.beans.propertyeditors.CustomNumberEditor@661972b0]
2016-09-12 17:14:55  [ main:1500 ] - [ DEBUG ]  Converting String to [int] using property editor [org.springframework.beans.propertyeditors.CustomNumberEditor@661972b0]
2016-09-12 17:14:55  [ main:1500 ] - [ DEBUG ]  Converting String to [int] using property editor [org.springframework.beans.propertyeditors.CustomNumberEditor@661972b0]
2016-09-12 17:14:55  [ main:1500 ] - [ DEBUG ]  Finished creating instance of bean 'dataSourceManager'
2016-09-12 17:14:55  [ main:1501 ] - [ DEBUG ]  Creating shared instance of singleton bean 'jdbcTemplate'
2016-09-12 17:14:55  [ main:1501 ] - [ DEBUG ]  Creating instance of bean 'jdbcTemplate'
2016-09-12 17:14:55  [ main:1512 ] - [ DEBUG ]  Eagerly caching bean 'jdbcTemplate' to allow for resolving potential circular references
2016-09-12 17:14:55  [ main:1513 ] - [ DEBUG ]  Getting BeanInfo for class [org.springframework.jdbc.core.JdbcTemplate]
2016-09-12 17:14:55  [ main:1520 ] - [ DEBUG ]  Caching PropertyDescriptors for class [org.springframework.jdbc.core.JdbcTemplate]
2016-09-12 17:14:55  [ main:1520 ] - [ DEBUG ]  Found bean property 'class' of type [java.lang.Class]
2016-09-12 17:14:55  [ main:1521 ] - [ DEBUG ]  Found bean property 'dataSource' of type [javax.sql.DataSource]
2016-09-12 17:14:55  [ main:1521 ] - [ DEBUG ]  Found bean property 'databaseProductName' of type [java.lang.String]
2016-09-12 17:14:55  [ main:1521 ] - [ DEBUG ]  Found bean property 'exceptionTranslator' of type [org.springframework.jdbc.support.SQLExceptionTranslator]
2016-09-12 17:14:55  [ main:1521 ] - [ DEBUG ]  Found bean property 'fetchSize' of type [int]
2016-09-12 17:14:55  [ main:1522 ] - [ DEBUG ]  Found bean property 'ignoreWarnings' of type [boolean]
2016-09-12 17:14:55  [ main:1522 ] - [ DEBUG ]  Found bean property 'lazyInit' of type [boolean]
2016-09-12 17:14:55  [ main:1522 ] - [ DEBUG ]  Found bean property 'maxRows' of type [int]
2016-09-12 17:14:55  [ main:1522 ] - [ DEBUG ]  Found bean property 'nativeJdbcExtractor' of type [org.springframework.jdbc.support.nativejdbc.NativeJdbcExtractor]
2016-09-12 17:14:55  [ main:1522 ] - [ DEBUG ]  Found bean property 'queryTimeout' of type [int]
2016-09-12 17:14:55  [ main:1522 ] - [ DEBUG ]  Found bean property 'resultsMapCaseInsensitive' of type [boolean]
2016-09-12 17:14:55  [ main:1522 ] - [ DEBUG ]  Found bean property 'skipResultsProcessing' of type [boolean]
2016-09-12 17:14:55  [ main:1522 ] - [ DEBUG ]  Found bean property 'skipUndeclaredResults' of type [boolean]
2016-09-12 17:14:55  [ main:1527 ] - [ DEBUG ]  Returning cached instance of singleton bean 'dataSource'
2016-09-12 17:14:55  [ main:1528 ] - [ DEBUG ]  Invoking afterPropertiesSet() on bean with name 'jdbcTemplate'
2016-09-12 17:14:55  [ main:1529 ] - [ DEBUG ]  Finished creating instance of bean 'jdbcTemplate'
2016-09-12 17:14:55  [ main:1529 ] - [ DEBUG ]  Creating shared instance of singleton bean 'jdbcTemplateManager'
2016-09-12 17:14:55  [ main:1529 ] - [ DEBUG ]  Creating instance of bean 'jdbcTemplateManager'
2016-09-12 17:14:55  [ main:1531 ] - [ DEBUG ]  Eagerly caching bean 'jdbcTemplateManager' to allow for resolving potential circular references
2016-09-12 17:14:55  [ main:1531 ] - [ DEBUG ]  Returning cached instance of singleton bean 'dataSourceManager'
2016-09-12 17:14:55  [ main:1532 ] - [ DEBUG ]  Invoking afterPropertiesSet() on bean with name 'jdbcTemplateManager'
2016-09-12 17:14:55  [ main:1532 ] - [ DEBUG ]  Finished creating instance of bean 'jdbcTemplateManager'
2016-09-12 17:14:55  [ main:1532 ] - [ DEBUG ]  Creating shared instance of singleton bean 'dbBaseInforDAO'
2016-09-12 17:14:55  [ main:1533 ] - [ DEBUG ]  Creating instance of bean 'dbBaseInforDAO'
2016-09-12 17:14:55  [ main:1543 ] - [ DEBUG ]  Registered injected element on class [com.wk.loginserver.baseInfo.Dao.DBBaseInforDAOImpl]: AutowiredFieldElement for protected org.springframework.jdbc.core.JdbcTemplate com.wk.loginserver.dao.springdao.BaseSpringDao.jdbcTemplateManager
2016-09-12 17:14:55  [ main:1543 ] - [ DEBUG ]  Eagerly caching bean 'dbBaseInforDAO' to allow for resolving potential circular references
2016-09-12 17:14:55  [ main:1544 ] - [ DEBUG ]  Getting BeanInfo for class [com.wk.loginserver.baseInfo.Dao.DBBaseInforDAOImpl]
2016-09-12 17:14:55  [ main:1558 ] - [ DEBUG ]  Caching PropertyDescriptors for class [com.wk.loginserver.baseInfo.Dao.DBBaseInforDAOImpl]
2016-09-12 17:14:55  [ main:1558 ] - [ DEBUG ]  Found bean property 'args' of type [java.util.List]
2016-09-12 17:14:55  [ main:1559 ] - [ DEBUG ]  Found bean property 'class' of type [java.lang.Class]
2016-09-12 17:14:55  [ main:1559 ] - [ DEBUG ]  Found bean property 'gameServerChannleList' of type [java.util.List]
2016-09-12 17:14:55  [ main:1559 ] - [ DEBUG ]  Found bean property 'jdbcTemplate' of type [org.springframework.jdbc.core.JdbcTemplate]
2016-09-12 17:14:55  [ main:1562 ] - [ DEBUG ]  Processing injected element of bean 'dbBaseInforDAO': AutowiredFieldElement for protected org.springframework.jdbc.core.JdbcTemplate com.wk.loginserver.dao.springdao.BaseSpringDao.jdbcTemplateManager
2016-09-12 17:14:55  [ main:1563 ] - [ DEBUG ]  Returning cached instance of singleton bean 'jdbcTemplate'
2016-09-12 17:14:55  [ main:1566 ] - [ DEBUG ]  Returning cached instance of singleton bean 'jdbcTemplateManager'
2016-09-12 17:14:55  [ main:1570 ] - [ DEBUG ]  Autowiring by type from bean name 'dbBaseInforDAO' to bean named 'jdbcTemplateManager'
2016-09-12 17:14:55  [ main:1571 ] - [ DEBUG ]  Finished creating instance of bean 'dbBaseInforDAO'
2016-09-12 17:14:55  [ main:1571 ] - [ DEBUG ]  Creating shared instance of singleton bean 'channelManager'
2016-09-12 17:14:55  [ main:1571 ] - [ DEBUG ]  Creating instance of bean 'channelManager'
2016-09-12 17:14:55  [ main:1575 ] - [ DEBUG ]  Registered injected element on class [com.wk.loginserver.service.channel.ChannelManagerImpl]: AutowiredFieldElement for private com.wk.loginserver.baseInfo.Dao.DBBaseInforDAO com.wk.loginserver.service.channel.ChannelManagerImpl.dbBaseInforDAO
2016-09-12 17:14:55  [ main:1575 ] - [ DEBUG ]  Eagerly caching bean 'channelManager' to allow for resolving potential circular references
2016-09-12 17:14:55  [ main:1575 ] - [ DEBUG ]  Getting BeanInfo for class [com.wk.loginserver.service.channel.ChannelManagerImpl]
2016-09-12 17:14:55  [ main:1577 ] - [ DEBUG ]  Caching PropertyDescriptors for class [com.wk.loginserver.service.channel.ChannelManagerImpl]
2016-09-12 17:14:55  [ main:1577 ] - [ DEBUG ]  Found bean property 'bwAreaVOMap' of type [java.util.concurrent.ConcurrentHashMap]
2016-09-12 17:14:55  [ main:1577 ] - [ DEBUG ]  Found bean property 'channelActiveMap' of type [java.util.concurrent.ConcurrentSkipListMap]
2016-09-12 17:14:55  [ main:1578 ] - [ DEBUG ]  Found bean property 'channelService' of type [java.util.concurrent.ExecutorService]
2016-09-12 17:14:55  [ main:1578 ] - [ DEBUG ]  Found bean property 'class' of type [java.lang.Class]
2016-09-12 17:14:55  [ main:1578 ] - [ DEBUG ]  Found bean property 'dbBaseInforDAOImpl' of type [com.wk.loginserver.baseInfo.Dao.DBBaseInforDAO]
2016-09-12 17:14:55  [ main:1578 ] - [ DEBUG ]  Found bean property 'egisTime' of type [int]
2016-09-12 17:14:55  [ main:1578 ] - [ DEBUG ]  Found bean property 'fileServerMap' of type [java.util.List]
2016-09-12 17:14:55  [ main:1580 ] - [ DEBUG ]  Processing injected element of bean 'channelManager': AutowiredFieldElement for private com.wk.loginserver.baseInfo.Dao.DBBaseInforDAO com.wk.loginserver.service.channel.ChannelManagerImpl.dbBaseInforDAO
2016-09-12 17:14:55  [ main:1581 ] - [ DEBUG ]  Returning cached instance of singleton bean 'dbBaseInforDAO'
2016-09-12 17:14:55  [ main:1581 ] - [ DEBUG ]  Autowiring by type from bean name 'channelManager' to bean named 'dbBaseInforDAO'
2016-09-12 17:14:55  [ main:1581 ] - [ DEBUG ]  Finished creating instance of bean 'channelManager'
2016-09-12 17:14:55  [ main:1581 ] - [ DEBUG ]  Creating shared instance of singleton bean 'areaListAction'
2016-09-12 17:14:55  [ main:1583 ] - [ DEBUG ]  Creating instance of bean 'areaListAction'
2016-09-12 17:14:55  [ main:1584 ] - [ DEBUG ]  Registered injected element on class [com.wk.loginserver.action.AreaListAction]: AutowiredFieldElement for private com.wk.loginserver.service.channel.ChannelManager com.wk.loginserver.action.AreaListAction.channelManager
2016-09-12 17:14:55  [ main:1584 ] - [ DEBUG ]  Eagerly caching bean 'areaListAction' to allow for resolving potential circular references
2016-09-12 17:14:55  [ main:1585 ] - [ DEBUG ]  Getting BeanInfo for class [com.wk.loginserver.action.AreaListAction]
2016-09-12 17:14:55  [ main:1586 ] - [ DEBUG ]  Caching PropertyDescriptors for class [com.wk.loginserver.action.AreaListAction]
2016-09-12 17:14:55  [ main:1586 ] - [ DEBUG ]  Found bean property 'channelManager' of type [com.wk.loginserver.service.channel.ChannelManager]
2016-09-12 17:14:55  [ main:1586 ] - [ DEBUG ]  Found bean property 'class' of type [java.lang.Class]
2016-09-12 17:14:55  [ main:1587 ] - [ DEBUG ]  Processing injected element of bean 'areaListAction': AutowiredFieldElement for private com.wk.loginserver.service.channel.ChannelManager com.wk.loginserver.action.AreaListAction.channelManager
2016-09-12 17:14:55  [ main:1588 ] - [ DEBUG ]  Returning cached instance of singleton bean 'channelManager'
2016-09-12 17:14:55  [ main:1588 ] - [ DEBUG ]  Autowiring by type from bean name 'areaListAction' to bean named 'channelManager'
2016-09-12 17:14:55  [ main:1588 ] - [ DEBUG ]  Finished creating instance of bean 'areaListAction'
2016-09-12 17:14:55  [ main:1588 ] - [ DEBUG ]  Returning cached instance of singleton bean 'org.springframework.context.annotation.ConfigurationClassPostProcessor.importAwareProcessor'
2016-09-12 17:14:55  [ main:1588 ] - [ DEBUG ]  Returning cached instance of singleton bean 'org.springframework.context.annotation.ConfigurationClassPostProcessor.enhancedConfigurationProcessor'
2016-09-12 17:14:55  [ main:1589 ] - [ DEBUG ]  Returning cached instance of singleton bean 'org.springframework.context.event.internalEventListenerFactory'
2016-09-12 17:14:55  [ main:1598 ] - [ DEBUG ]  No @EventListener annotations found on bean class: class org.springframework.beans.factory.config.PropertyPlaceholderConfigurer
2016-09-12 17:14:55  [ main:1598 ] - [ DEBUG ]  No @EventListener annotations found on bean class: class com.wk.loginserver.entity.Test
2016-09-12 17:14:55  [ main:1599 ] - [ DEBUG ]  No @EventListener annotations found on bean class: class com.wk.net.DefaultDemuxingProtocolCodecFactory
2016-09-12 17:14:55  [ main:1599 ] - [ DEBUG ]  No @EventListener annotations found on bean class: class com.wk.loginserver.handler.DefaultMinaIoHandler
2016-09-12 17:14:55  [ main:1599 ] - [ DEBUG ]  No @EventListener annotations found on bean class: class com.wk.loginserver.MinaServer
2016-09-12 17:14:55  [ main:1600 ] - [ DEBUG ]  No @EventListener annotations found on bean class: class com.wk.net.action.support.DefaultActionFactory
2016-09-12 17:14:55  [ main:1600 ] - [ DEBUG ]  No @EventListener annotations found on bean class: class com.wk.net.action.support.DefaultActionDispatcher
2016-09-12 17:14:55  [ main:1600 ] - [ DEBUG ]  No @EventListener annotations found on bean class: class com.wk.net.filter.support.DefaultFilterChainFactory
2016-09-12 17:14:55  [ main:1601 ] - [ DEBUG ]  No @EventListener annotations found on bean class: class com.wk.net.filter.support.CommandCollectFilter
2016-09-12 17:14:55  [ main:1601 ] - [ DEBUG ]  No @EventListener annotations found on bean class: class com.wk.net.filter.support.CapabilityMonitor
2016-09-12 17:14:55  [ main:1602 ] - [ DEBUG ]  No @EventListener annotations found on bean class: class com.wk.config.AppConfig
2016-09-12 17:14:55  [ main:1603 ] - [ DEBUG ]  No @EventListener annotations found on bean class: class com.wk.loginserver.entity.Service
2016-09-12 17:14:55  [ main:1603 ] - [ DEBUG ]  No @EventListener annotations found on bean class: class org.springframework.context.annotation.ConfigurationClassPostProcessor
2016-09-12 17:14:55  [ main:1605 ] - [ DEBUG ]  No @EventListener annotations found on bean class: class org.springframework.beans.factory.annotation.AutowiredAnnotationBeanPostProcessor
2016-09-12 17:14:55  [ main:1606 ] - [ DEBUG ]  No @EventListener annotations found on bean class: class org.springframework.beans.factory.annotation.RequiredAnnotationBeanPostProcessor
2016-09-12 17:14:55  [ main:1607 ] - [ DEBUG ]  No @EventListener annotations found on bean class: class org.springframework.context.annotation.CommonAnnotationBeanPostProcessor
2016-09-12 17:14:55  [ main:1608 ] - [ DEBUG ]  No @EventListener annotations found on bean class: class org.springframework.context.event.EventListenerMethodProcessor
2016-09-12 17:14:55  [ main:1611 ] - [ DEBUG ]  No @EventListener annotations found on bean class: class org.springframework.context.event.DefaultEventListenerFactory
2016-09-12 17:14:55  [ main:1627 ] - [ DEBUG ]  No @EventListener annotations found on bean class: class com.mchange.v2.c3p0.ComboPooledDataSource
2016-09-12 17:14:55  [ main:1647 ] - [ DEBUG ]  No @EventListener annotations found on bean class: class org.springframework.jdbc.core.JdbcTemplate
2016-09-12 17:14:55  [ main:1648 ] - [ DEBUG ]  No @EventListener annotations found on bean class: class com.wk.loginserver.baseInfo.Dao.DBBaseInforDAOImpl
2016-09-12 17:14:55  [ main:1650 ] - [ DEBUG ]  No @EventListener annotations found on bean class: class com.wk.loginserver.service.channel.ChannelManagerImpl
2016-09-12 17:14:55  [ main:1651 ] - [ DEBUG ]  No @EventListener annotations found on bean class: class com.wk.loginserver.action.AreaListAction
2016-09-12 17:14:55  [ main:1651 ] - [ DEBUG ]  No @EventListener annotations found on bean class: class org.springframework.context.annotation.ConfigurationClassPostProcessor$ImportAwareBeanPostProcessor
2016-09-12 17:14:55  [ main:1651 ] - [ DEBUG ]  No @EventListener annotations found on bean class: class org.springframework.context.annotation.ConfigurationClassPostProcessor$EnhancedConfigurationBeanPostProcessor
2016-09-12 17:14:55  [ main:1655 ] - [ DEBUG ]  No @EventListener annotations found on bean class: class org.springframework.core.env.StandardEnvironment
2016-09-12 17:14:55  [ main:1658 ] - [ DEBUG ]  No @EventListener annotations found on bean class: class java.util.Properties
2016-09-12 17:14:55  [ main:1662 ] - [ DEBUG ]  No @EventListener annotations found on bean class: class java.util.Collections$UnmodifiableMap
2016-09-12 17:14:55  [ main:1665 ] - [ DEBUG ]  No @EventListener annotations found on bean class: class org.springframework.context.annotation.ConfigurationClassParser$ImportStack
2016-09-12 17:14:55  [ main:1666 ] - [ DEBUG ]  No @EventListener annotations found on bean class: class org.springframework.context.support.DelegatingMessageSource
2016-09-12 17:14:55  [ main:1669 ] - [ DEBUG ]  No @EventListener annotations found on bean class: class org.springframework.context.event.SimpleApplicationEventMulticaster
2016-09-12 17:14:55  [ main:1671 ] - [ DEBUG ]  Unable to locate LifecycleProcessor with name 'lifecycleProcessor': using default [org.springframework.context.support.DefaultLifecycleProcessor@2a65fe7c]
2016-09-12 17:14:55  [ main:1671 ] - [ DEBUG ]  Returning cached instance of singleton bean 'lifecycleProcessor'
2016-09-12 17:14:55  [ main:1673 ] - [ DEBUG ]  Publishing event in org.springframework.context.support.FileSystemXmlApplicationContext@39ed3c8d: org.springframework.context.event.ContextRefreshedEvent[source=org.springframework.context.support.FileSystemXmlApplicationContext@39ed3c8d: startup date [Mon Sep 12 17:14:54 CST 2016]; root of context hierarchy]
2016-09-12 17:14:55  [ main:1679 ] - [ DEBUG ]  Searching for key 'spring.liveBeansView.mbeanDomain' in [systemProperties]
2016-09-12 17:14:55  [ main:1680 ] - [ DEBUG ]  Searching for key 'spring.liveBeansView.mbeanDomain' in [systemEnvironment]
2016-09-12 17:14:55  [ main:1680 ] - [ DEBUG ]  Could not find key 'spring.liveBeansView.mbeanDomain' in any property source
2016-09-12 17:14:55  [ main:1683 ] - [ DEBUG ]  Returning cached instance of singleton bean 'dbBaseInforDAO'
2016-09-12 17:14:55  [ main:1685 ] - [ DEBUG ]  Executing SQL query [SELECT air_targets,attack_range,attack_speed,build_resource_type,build_time_date,build_time_hour,build_time_minutes,building_animation,building_crash_h,building_crash_w,building_id,building_name,building_type,damage_radius,ground_targets,height,is_bunker,is_hidden,is_locked,is_sell,min_attack_range,produces_resource_type,push_back,swf,trigger_radius,upgrade_units,width FROM bw_building]
2016-09-12 17:14:55  [ main:1694 ] - [ DEBUG ]  Fetching JDBC Connection from DataSource
2016-09-12 17:14:56  [ main:1779 ] - [ DEBUG ]  incremented pending_acquires: 1
2016-09-12 17:14:56  [ main:1781 ] - [ DEBUG ]  com.mchange.v2.resourcepool.BasicResourcePool@10683d9d config: [start -> 1; min -> 1; max -> 3; inc -> 5; num_acq_attempts -> 30; acq_attempt_delay -> 1000; check_idle_resources_delay -> 0; mox_resource_age -> 0; max_idle_time -> 1800000; excess_max_idle_time -> 1800000; destroy_unreturned_resc_time -> 0; expiration_enforcement_delay -> 450000; break_on_acquisition_failure -> false; debug_store_checkout_exceptions -> false]
2016-09-12 17:14:56  [ main:1793 ] - [ INFO ]  Initializing c3p0 pool... com.mchange.v2.c3p0.ComboPooledDataSource [ acquireIncrement -> 5, acquireRetryAttempts -> 30, acquireRetryDelay -> 1000, autoCommitOnClose -> false, automaticTestTable -> null, breakAfterAcquireFailure -> false, checkoutTimeout -> 0, connectionCustomizerClassName -> null, connectionTesterClassName -> com.mchange.v2.c3p0.impl.DefaultConnectionTester, dataSourceName -> 1hge1619j88g06l1jap1z8|47af7f3d, debugUnreturnedConnectionStackTraces -> false, description -> null, driverClass -> com.mysql.jdbc.Driver, factoryClassLocation -> null, forceIgnoreUnresolvedTransactions -> false, identityToken -> 1hge1619j88g06l1jap1z8|47af7f3d, idleConnectionTestPeriod -> 0, initialPoolSize -> 1, jdbcUrl -> jdbc:mysql://127.0.0.1:3306/lootesmanager?useUnicode=true&characterEncoding=utf8&useSSL=true, maxAdministrativeTaskTime -> 0, maxConnectionAge -> 0, maxIdleTime -> 1800, maxIdleTimeExcessConnections -> 1800, maxPoolSize -> 3, maxStatements -> 0, maxStatementsPerConnection -> 0, minPoolSize -> 1, numHelperThreads -> 3, numThreadsAwaitingCheckoutDefaultUser -> 0, preferredTestQuery -> null, properties -> {user=******, password=******}, propertyCycle -> 0, testConnectionOnCheckin -> false, testConnectionOnCheckout -> false, unreturnedConnectionTimeout -> 0, usesTraditionalReflectiveProxies -> false ]
2016-09-12 17:14:56  [ main:1795 ] - [ DEBUG ]  acquire test -- pool size: 0; target_pool_size: 1; desired target? 1
2016-09-12 17:14:56  [ main:1795 ] - [ DEBUG ]  incremented pending_acquires: 2
2016-09-12 17:14:56  [ main:1796 ] - [ DEBUG ]  incremented pending_acquires: 3
2016-09-12 17:14:56  [ main:1796 ] - [ DEBUG ]  awaitAvailable(): [unknown]
2016-09-12 17:14:56  [ main:1796 ] - [ DEBUG ]  trace com.mchange.v2.resourcepool.BasicResourcePool@10683d9d [managed: 0, unused: 0, excluded: 0]
2016-09-12 17:14:56  [ com.mchange.v2.async.ThreadPoolAsynchronousRunner$PoolThread-#1:2147 ] - [ DEBUG ]  com.mchange.v2.c3p0.impl.C3P0PooledConnectionPool$1PooledConnectionResourcePoolManager@78a907dd.acquireResource() returning. 
2016-09-12 17:14:56  [ com.mchange.v2.async.ThreadPoolAsynchronousRunner$PoolThread-#2:2147 ] - [ DEBUG ]  com.mchange.v2.c3p0.impl.C3P0PooledConnectionPool$1PooledConnectionResourcePoolManager@78a907dd.acquireResource() returning. 
2016-09-12 17:14:56  [ com.mchange.v2.async.ThreadPoolAsynchronousRunner$PoolThread-#0:2147 ] - [ DEBUG ]  com.mchange.v2.c3p0.impl.C3P0PooledConnectionPool$1PooledConnectionResourcePoolManager@78a907dd.acquireResource() returning. 
2016-09-12 17:14:56  [ com.mchange.v2.async.ThreadPoolAsynchronousRunner$PoolThread-#1:2147 ] - [ DEBUG ]  trace com.mchange.v2.resourcepool.BasicResourcePool@10683d9d [managed: 1, unused: 1, excluded: 0]
2016-09-12 17:14:56  [ com.mchange.v2.async.ThreadPoolAsynchronousRunner$PoolThread-#0:2148 ] - [ DEBUG ]  trace com.mchange.v2.resourcepool.BasicResourcePool@10683d9d [managed: 2, unused: 1, excluded: 0] (e.g. com.mchange.v2.c3p0.impl.NewPooledConnection@7f10d230)
2016-09-12 17:14:56  [ com.mchange.v2.async.ThreadPoolAsynchronousRunner$PoolThread-#2:2148 ] - [ DEBUG ]  trace com.mchange.v2.resourcepool.BasicResourcePool@10683d9d [managed: 3, unused: 2, excluded: 0] (e.g. com.mchange.v2.c3p0.impl.NewPooledConnection@7f10d230)
2016-09-12 17:14:56  [ com.mchange.v2.async.ThreadPoolAsynchronousRunner$PoolThread-#2:2148 ] - [ DEBUG ]  decremented pending_acquires: 2
2016-09-12 17:14:56  [ com.mchange.v2.async.ThreadPoolAsynchronousRunner$PoolThread-#0:2148 ] - [ DEBUG ]  decremented pending_acquires: 1
2016-09-12 17:14:56  [ main:2148 ] - [ DEBUG ]  trace com.mchange.v2.resourcepool.BasicResourcePool@10683d9d [managed: 3, unused: 2, excluded: 0] (e.g. com.mchange.v2.c3p0.impl.NewPooledConnection@7f10d230)
2016-09-12 17:14:56  [ com.mchange.v2.async.ThreadPoolAsynchronousRunner$PoolThread-#1:2148 ] - [ DEBUG ]  decremented pending_acquires: 0
2016-09-12 17:14:56  [ main:2181 ] - [ DEBUG ]  Returning JDBC Connection to DataSource
2016-09-12 17:14:56  [ main:2182 ] - [ DEBUG ]  trace com.mchange.v2.resourcepool.BasicResourcePool@10683d9d [managed: 3, unused: 2, excluded: 0] (e.g. com.mchange.v2.c3p0.impl.NewPooledConnection@7f10d230)
2016-09-12 17:14:56  [ main:2183 ] - [ DEBUG ]  Returning cached instance of singleton bean 'channelManager'
